[17:49:53.355] Global cache location '/home/ali/.cache/typescript/4.7', safe file path '/usr/lib/node_modules/typescript/lib/typingSafeList.json', types map path /usr/lib/node_modules/typescript/lib/typesMap.json
[17:49:53.356] Processing cache location '/home/ali/.cache/typescript/4.7'
[17:49:53.356] Trying to find '/home/ali/.cache/typescript/4.7/package.json'...
[17:49:53.359] Loaded content of '/home/ali/.cache/typescript/4.7/package.json': {"private":true,"dependencies":{"types-registry":"^0.1.604"},"devDependencies":{"@types/alpinejs":"^3.7.0","@types/app-root-path":"^1.2.4","@types/basic-auth":"^1.1.3","@types/bcrypt":"^5.0.0","@types/body-parser":"^1.19.2","@types/bootstrap":"^5.2.1","@types/braces":"^3.0.1","@types/busboy":"^1.5.0","@types/bytes":"^3.1.1","@types/camelcase-css":"^2.0.0","@types/caniuse-lite":"^1.0.1","@types/color":"^3.0.3","@types/color-name":"^1.1.1","@types/concat-stream":"^2.0.0","@types/content-type":"^1.1.5","@types/cookie":"^0.5.1","@types/cookie-parser":"^1.4.3","@types/cookie-signature":"^1.0.4","@types/cors":"^2.8.12","@types/cssesc":"^3.0.0","@types/debug":"^4.1.7","@types/defined":"^1.0.0","@types/depd":"^1.1.32","@types/detective":"^5.1.3","@types/didyoumean":"^1.2.0","@types/dlv":"^1.1.2","@types/ee-first":"^1.1.0","@types/express":"^4.17.13","@types/express-session":"^1.17.5","@types/fill-range":"^7.0.0","@types/function-bind":"^1.1.7","@types/glob-parent":"^5.1.1","@types/got":"^9.6.12","@types/has":"^1.0.0","@types/http-errors":"^1.8.2","@types/is-core-module":"^2.2.0","@types/is-glob":"^4.0.2","@types/is-number":"^7.0.3","@types/jsonwebtoken":"^8.5.8","@types/lodash":"^4.14.182","@types/merge-descriptors":"^1.0.1","@types/merge2":"^1.3.1","@types/method-override":"^0.0.32","@types/methods":"^1.1.1","@types/micromatch":"^4.0.2","@types/minimist":"^1.2.2","@types/mkdirp":"^1.0.2","@types/morgan":"^1.9.3","@types/multer":"^1.4.7","@types/nodemon":"^1.19.2","@types/nopt":"^3.0.29","@types/normalize-path":"^3.0.0","@types/npmlog":"^4.1.4","@types/object-assign":"^4.0.30","@types/object-hash":"^2.2.1","@types/on-finished":"^2.3.1","@types/on-headers":"^1.0.0","@types/parseurl":"^1.3.1","@types/passport":"^1.0.9","@types/passport-local":"^1.0.34","@types/passport-strategy":"^0.2.35","@types/path-parse":"^1.0.19","@types/pause":"^0.1.0","@types/picomatch":"^2.3.0","@types/pify":"^5.0.1","@types/postcss-import":"^14.0.0","@types/postcss-js":"^4.0.0","@types/pug":"^2.0.6","@types/qs":"^6.9.7","@types/random-bytes":"^1.0.1","@types/react":"^18.0.15","@types/resolve":"^1.20.2","@types/run-parallel":"^1.1.0","@types/sequelize":"^4.28.14","@types/serve-static":"^1.13.10","@types/sharp":"^0.30.4","@types/sqlite3":"^3.1.8","@types/to-regex-range":"^5.0.0","@types/type-is":"^1.6.3","@types/uid-safe":"^2.1.2","@types/util-deprecate":"^1.0.0","@types/uuid":"^8.3.4","@types/vary":"^1.1.0","@types/xtend":"^4.0.4","@types/yup":"^0.29.14"}}
[17:49:53.359] Loaded content of '/home/ali/.cache/typescript/4.7/package-lock.json'
[17:49:53.376] Adding entry into typings cache: 'alpinejs' => '/home/ali/.cache/typescript/4.7/node_modules/@types/alpinejs/index.d.ts'
[17:49:53.380] Adding entry into typings cache: 'app-root-path' => '/home/ali/.cache/typescript/4.7/node_modules/@types/app-root-path/index.d.ts'
[17:49:53.382] Adding entry into typings cache: 'basic-auth' => '/home/ali/.cache/typescript/4.7/node_modules/@types/basic-auth/index.d.ts'
[17:49:53.385] Adding entry into typings cache: 'bcrypt' => '/home/ali/.cache/typescript/4.7/node_modules/@types/bcrypt/index.d.ts'
[17:49:53.388] Adding entry into typings cache: 'body-parser' => '/home/ali/.cache/typescript/4.7/node_modules/@types/body-parser/index.d.ts'
[17:49:53.390] Adding entry into typings cache: 'bootstrap' => '/home/ali/.cache/typescript/4.7/node_modules/@types/bootstrap/index.d.ts'
[17:49:53.393] Adding entry into typings cache: 'braces' => '/home/ali/.cache/typescript/4.7/node_modules/@types/braces/index.d.ts'
[17:49:53.396] Adding entry into typings cache: 'busboy' => '/home/ali/.cache/typescript/4.7/node_modules/@types/busboy/index.d.ts'
[17:49:53.399] Adding entry into typings cache: 'bytes' => '/home/ali/.cache/typescript/4.7/node_modules/@types/bytes/index.d.ts'
[17:49:53.402] Adding entry into typings cache: 'camelcase-css' => '/home/ali/.cache/typescript/4.7/node_modules/@types/camelcase-css/index.d.ts'
[17:49:53.404] Adding entry into typings cache: 'caniuse-lite' => '/home/ali/.cache/typescript/4.7/node_modules/@types/caniuse-lite/index.d.ts'
[17:49:53.407] Adding entry into typings cache: 'color' => '/home/ali/.cache/typescript/4.7/node_modules/@types/color/index.d.ts'
[17:49:53.409] Adding entry into typings cache: 'color-name' => '/home/ali/.cache/typescript/4.7/node_modules/@types/color-name/index.d.ts'
[17:49:53.411] Adding entry into typings cache: 'concat-stream' => '/home/ali/.cache/typescript/4.7/node_modules/@types/concat-stream/index.d.ts'
[17:49:53.412] Adding entry into typings cache: 'content-type' => '/home/ali/.cache/typescript/4.7/node_modules/@types/content-type/index.d.ts'
[17:49:53.414] Adding entry into typings cache: 'cookie' => '/home/ali/.cache/typescript/4.7/node_modules/@types/cookie/index.d.ts'
[17:49:53.416] Adding entry into typings cache: 'cookie-parser' => '/home/ali/.cache/typescript/4.7/node_modules/@types/cookie-parser/index.d.ts'
[17:49:53.418] Adding entry into typings cache: 'cookie-signature' => '/home/ali/.cache/typescript/4.7/node_modules/@types/cookie-signature/index.d.ts'
[17:49:53.419] Adding entry into typings cache: 'cors' => '/home/ali/.cache/typescript/4.7/node_modules/@types/cors/index.d.ts'
[17:49:53.421] Adding entry into typings cache: 'cssesc' => '/home/ali/.cache/typescript/4.7/node_modules/@types/cssesc/index.d.ts'
[17:49:53.423] Adding entry into typings cache: 'debug' => '/home/ali/.cache/typescript/4.7/node_modules/@types/debug/index.d.ts'
[17:49:53.424] Adding entry into typings cache: 'defined' => '/home/ali/.cache/typescript/4.7/node_modules/@types/defined/index.d.ts'
[17:49:53.426] Adding entry into typings cache: 'depd' => '/home/ali/.cache/typescript/4.7/node_modules/@types/depd/index.d.ts'
[17:49:53.428] Adding entry into typings cache: 'detective' => '/home/ali/.cache/typescript/4.7/node_modules/@types/detective/index.d.ts'
[17:49:53.429] Adding entry into typings cache: 'didyoumean' => '/home/ali/.cache/typescript/4.7/node_modules/@types/didyoumean/index.d.ts'
[17:49:53.430] Adding entry into typings cache: 'dlv' => '/home/ali/.cache/typescript/4.7/node_modules/@types/dlv/index.d.ts'
[17:49:53.431] Adding entry into typings cache: 'ee-first' => '/home/ali/.cache/typescript/4.7/node_modules/@types/ee-first/index.d.ts'
[17:49:53.433] Adding entry into typings cache: 'express' => '/home/ali/.cache/typescript/4.7/node_modules/@types/express/index.d.ts'
[17:49:53.434] Adding entry into typings cache: 'express-session' => '/home/ali/.cache/typescript/4.7/node_modules/@types/express-session/index.d.ts'
[17:49:53.435] Adding entry into typings cache: 'fill-range' => '/home/ali/.cache/typescript/4.7/node_modules/@types/fill-range/index.d.ts'
[17:49:53.436] Adding entry into typings cache: 'function-bind' => '/home/ali/.cache/typescript/4.7/node_modules/@types/function-bind/index.d.ts'
[17:49:53.437] Adding entry into typings cache: 'glob-parent' => '/home/ali/.cache/typescript/4.7/node_modules/@types/glob-parent/index.d.ts'
[17:49:53.439] Adding entry into typings cache: 'got' => '/home/ali/.cache/typescript/4.7/node_modules/@types/got/index.d.ts'
[17:49:53.440] Adding entry into typings cache: 'has' => '/home/ali/.cache/typescript/4.7/node_modules/@types/has/index.d.ts'
[17:49:53.441] Adding entry into typings cache: 'http-errors' => '/home/ali/.cache/typescript/4.7/node_modules/@types/http-errors/index.d.ts'
[17:49:53.441] Adding entry into typings cache: 'is-core-module' => '/home/ali/.cache/typescript/4.7/node_modules/@types/is-core-module/index.d.ts'
[17:49:53.442] Adding entry into typings cache: 'is-glob' => '/home/ali/.cache/typescript/4.7/node_modules/@types/is-glob/index.d.ts'
[17:49:53.443] Adding entry into typings cache: 'is-number' => '/home/ali/.cache/typescript/4.7/node_modules/@types/is-number/index.d.ts'
[17:49:53.444] Adding entry into typings cache: 'jsonwebtoken' => '/home/ali/.cache/typescript/4.7/node_modules/@types/jsonwebtoken/index.d.ts'
[17:49:53.446] Adding entry into typings cache: 'lodash' => '/home/ali/.cache/typescript/4.7/node_modules/@types/lodash/index.d.ts'
[17:49:53.446] Adding entry into typings cache: 'merge-descriptors' => '/home/ali/.cache/typescript/4.7/node_modules/@types/merge-descriptors/index.d.ts'
[17:49:53.447] Adding entry into typings cache: 'merge2' => '/home/ali/.cache/typescript/4.7/node_modules/@types/merge2/index.d.ts'
[17:49:53.448] Adding entry into typings cache: 'method-override' => '/home/ali/.cache/typescript/4.7/node_modules/@types/method-override/index.d.ts'
[17:49:53.449] Adding entry into typings cache: 'methods' => '/home/ali/.cache/typescript/4.7/node_modules/@types/methods/index.d.ts'
[17:49:53.450] Adding entry into typings cache: 'micromatch' => '/home/ali/.cache/typescript/4.7/node_modules/@types/micromatch/index.d.ts'
[17:49:53.451] Adding entry into typings cache: 'minimist' => '/home/ali/.cache/typescript/4.7/node_modules/@types/minimist/index.d.ts'
[17:49:53.452] Adding entry into typings cache: 'mkdirp' => '/home/ali/.cache/typescript/4.7/node_modules/@types/mkdirp/index.d.ts'
[17:49:53.453] Adding entry into typings cache: 'morgan' => '/home/ali/.cache/typescript/4.7/node_modules/@types/morgan/index.d.ts'
[17:49:53.455] Adding entry into typings cache: 'multer' => '/home/ali/.cache/typescript/4.7/node_modules/@types/multer/index.d.ts'
[17:49:53.456] Adding entry into typings cache: 'nodemon' => '/home/ali/.cache/typescript/4.7/node_modules/@types/nodemon/index.d.ts'
[17:49:53.457] Adding entry into typings cache: 'nopt' => '/home/ali/.cache/typescript/4.7/node_modules/@types/nopt/index.d.ts'
[17:49:53.458] Adding entry into typings cache: 'normalize-path' => '/home/ali/.cache/typescript/4.7/node_modules/@types/normalize-path/index.d.ts'
[17:49:53.460] Adding entry into typings cache: 'npmlog' => '/home/ali/.cache/typescript/4.7/node_modules/@types/npmlog/index.d.ts'
[17:49:53.461] Adding entry into typings cache: 'object-assign' => '/home/ali/.cache/typescript/4.7/node_modules/@types/object-assign/index.d.ts'
[17:49:53.462] Adding entry into typings cache: 'object-hash' => '/home/ali/.cache/typescript/4.7/node_modules/@types/object-hash/index.d.ts'
[17:49:53.462] Adding entry into typings cache: 'on-finished' => '/home/ali/.cache/typescript/4.7/node_modules/@types/on-finished/index.d.ts'
[17:49:53.463] Adding entry into typings cache: 'on-headers' => '/home/ali/.cache/typescript/4.7/node_modules/@types/on-headers/index.d.ts'
[17:49:53.465] Adding entry into typings cache: 'parseurl' => '/home/ali/.cache/typescript/4.7/node_modules/@types/parseurl/index.d.ts'
[17:49:53.466] Adding entry into typings cache: 'passport' => '/home/ali/.cache/typescript/4.7/node_modules/@types/passport/index.d.ts'
[17:49:53.467] Adding entry into typings cache: 'passport-local' => '/home/ali/.cache/typescript/4.7/node_modules/@types/passport-local/index.d.ts'
[17:49:53.468] Adding entry into typings cache: 'passport-strategy' => '/home/ali/.cache/typescript/4.7/node_modules/@types/passport-strategy/index.d.ts'
[17:49:53.469] Adding entry into typings cache: 'path-parse' => '/home/ali/.cache/typescript/4.7/node_modules/@types/path-parse/index.d.ts'
[17:49:53.469] Adding entry into typings cache: 'pause' => '/home/ali/.cache/typescript/4.7/node_modules/@types/pause/index.d.ts'
[17:49:53.470] Adding entry into typings cache: 'picomatch' => '/home/ali/.cache/typescript/4.7/node_modules/@types/picomatch/index.d.ts'
[17:49:53.471] Adding entry into typings cache: 'pify' => '/home/ali/.cache/typescript/4.7/node_modules/@types/pify/index.d.ts'
[17:49:53.472] Adding entry into typings cache: 'postcss-import' => '/home/ali/.cache/typescript/4.7/node_modules/@types/postcss-import/index.d.ts'
[17:49:53.473] Adding entry into typings cache: 'postcss-js' => '/home/ali/.cache/typescript/4.7/node_modules/@types/postcss-js/index.d.ts'
[17:49:53.474] Adding entry into typings cache: 'pug' => '/home/ali/.cache/typescript/4.7/node_modules/@types/pug/index.d.ts'
[17:49:53.475] Adding entry into typings cache: 'qs' => '/home/ali/.cache/typescript/4.7/node_modules/@types/qs/index.d.ts'
[17:49:53.476] Adding entry into typings cache: 'random-bytes' => '/home/ali/.cache/typescript/4.7/node_modules/@types/random-bytes/index.d.ts'
[17:49:53.479] Adding entry into typings cache: 'react' => '/home/ali/.cache/typescript/4.7/node_modules/@types/react/index.d.ts'
[17:49:53.481] Adding entry into typings cache: 'resolve' => '/home/ali/.cache/typescript/4.7/node_modules/@types/resolve/index.d.ts'
[17:49:53.483] Adding entry into typings cache: 'run-parallel' => '/home/ali/.cache/typescript/4.7/node_modules/@types/run-parallel/index.d.ts'
[17:49:53.485] Adding entry into typings cache: 'sequelize' => '/home/ali/.cache/typescript/4.7/node_modules/@types/sequelize/index.d.ts'
[17:49:53.486] Adding entry into typings cache: 'serve-static' => '/home/ali/.cache/typescript/4.7/node_modules/@types/serve-static/index.d.ts'
[17:49:53.488] Adding entry into typings cache: 'sharp' => '/home/ali/.cache/typescript/4.7/node_modules/@types/sharp/index.d.ts'
[17:49:53.489] Adding entry into typings cache: 'sqlite3' => '/home/ali/.cache/typescript/4.7/node_modules/@types/sqlite3/index.d.ts'
[17:49:53.490] Adding entry into typings cache: 'to-regex-range' => '/home/ali/.cache/typescript/4.7/node_modules/@types/to-regex-range/index.d.ts'
[17:49:53.491] Adding entry into typings cache: 'type-is' => '/home/ali/.cache/typescript/4.7/node_modules/@types/type-is/index.d.ts'
[17:49:53.492] Adding entry into typings cache: 'uid-safe' => '/home/ali/.cache/typescript/4.7/node_modules/@types/uid-safe/index.d.ts'
[17:49:53.493] Adding entry into typings cache: 'util-deprecate' => '/home/ali/.cache/typescript/4.7/node_modules/@types/util-deprecate/index.d.ts'
[17:49:53.494] Adding entry into typings cache: 'uuid' => '/home/ali/.cache/typescript/4.7/node_modules/@types/uuid/index.d.ts'
[17:49:53.495] Adding entry into typings cache: 'vary' => '/home/ali/.cache/typescript/4.7/node_modules/@types/vary/index.d.ts'
[17:49:53.496] Adding entry into typings cache: 'xtend' => '/home/ali/.cache/typescript/4.7/node_modules/@types/xtend/index.d.ts'
[17:49:53.498] Adding entry into typings cache: 'yup' => '/home/ali/.cache/typescript/4.7/node_modules/@types/yup/index.d.ts'
[17:49:53.498] Finished processing cache location '/home/ali/.cache/typescript/4.7'
[17:49:53.498] Process id: 10596
[17:49:53.498] NPM location: /usr/bin/npm (explicit '--npmLocation' not  provided)
[17:49:53.498] validateDefaultNpmLocation: false
[17:49:53.498] Npm config file: /home/ali/.cache/typescript/4.7/package.json
[17:49:53.498] Updating types-registry npm package...
[17:49:53.498] Exec: /usr/bin/npm install --ignore-scripts types-registry@latest
[17:49:59.701]     Succeeded. stdout:
    
    up to date, audited 115 packages in 6s

2 packages are looking for funding
  run `npm fund` for details

found 0 vulnerabilities

[17:49:59.701] Updated types-registry npm package
[17:49:59.734] Got install request {"projectName":"/dev/null/inferredProject1*","fileNames":["/usr/lib/node_modules/typescript/lib/lib.es5.d.ts","/usr/lib/node_modules/typescript/lib/lib.es2015.d.ts","/usr/lib/node_modules/typescript/lib/lib.es2016.d.ts","/usr/lib/node_modules/typescript/lib/lib.dom.d.ts","/usr/lib/node_modules/typescript/lib/lib.dom.iterable.d.ts","/usr/lib/node_modules/typescript/lib/lib.webworker.importscripts.d.ts","/usr/lib/node_modules/typescript/lib/lib.scripthost.d.ts","/usr/lib/node_modules/typescript/lib/lib.es2015.core.d.ts","/usr/lib/node_modules/typescript/lib/lib.es2015.collection.d.ts","/usr/lib/node_modules/typescript/lib/lib.es2015.generator.d.ts","/usr/lib/node_modules/typescript/lib/lib.es2015.iterable.d.ts","/usr/lib/node_modules/typescript/lib/lib.es2015.promise.d.ts","/usr/lib/node_modules/typescript/lib/lib.es2015.proxy.d.ts","/usr/lib/node_modules/typescript/lib/lib.es2015.reflect.d.ts","/usr/lib/node_modules/typescript/lib/lib.es2015.symbol.d.ts","/usr/lib/node_modules/typescript/lib/lib.es2015.symbol.wellknown.d.ts","/usr/lib/node_modules/typescript/lib/lib.es2016.array.include.d.ts","/usr/lib/node_modules/typescript/lib/lib.es2016.full.d.ts","/home/ali/Projects/LARAVEL/shop/vite.config.js"],"compilerOptions":{"module":1,"target":3,"jsx":1,"allowJs":true,"allowSyntheticDefaultImports":true,"allowNonTsExtensions":true,"noEmitForJsFiles":true,"maxNodeModuleJsDepth":2},"typeAcquisition":{"enable":true,"include":[],"exclude":[]},"unresolvedImports":["laravel-vite-plugin","vite"],"projectRootPath":"/home/ali/Projects/LARAVEL/shop","kind":"discover"}
[17:49:59.743] Loaded safelist from types map file '/usr/lib/node_modules/typescript/lib/typesMap.json'
[17:49:59.743] Explicitly included types: []
[17:49:59.744] Typing names in '/home/ali/Projects/LARAVEL/shop/package.json' dependencies: ["@popperjs/core","axios","bootstrap","laravel-vite-plugin","lodash","postcss","sass","vite"]
[17:49:59.744] Inferred typings from unresolved imports: ["laravel-vite-plugin","vite"]
[17:49:59.745] Result: {"cachedTypingPaths":["/home/ali/.cache/typescript/4.7/node_modules/@types/bootstrap/index.d.ts","/home/ali/.cache/typescript/4.7/node_modules/@types/lodash/index.d.ts"],"newTypingNames":["@popperjs/core","axios","laravel-vite-plugin","postcss","sass","vite"],"filesToWatch":["/home/ali/Projects/LARAVEL/shop/bower_components","/home/ali/Projects/LARAVEL/shop/package.json","/home/ali/Projects/LARAVEL/shop/node_modules"]}
[17:49:59.745] Finished typings discovery: {"cachedTypingPaths":["/home/ali/.cache/typescript/4.7/node_modules/@types/bootstrap/index.d.ts","/home/ali/.cache/typescript/4.7/node_modules/@types/lodash/index.d.ts"],"newTypingNames":["@popperjs/core","axios","laravel-vite-plugin","postcss","sass","vite"],"filesToWatch":["/home/ali/Projects/LARAVEL/shop/bower_components","/home/ali/Projects/LARAVEL/shop/package.json","/home/ali/Projects/LARAVEL/shop/node_modules"]}
[17:49:59.745] DirectoryWatcher:: Added:: WatchInfo: /home/ali/Projects/LARAVEL/shop/bower_components
[17:49:59.745] DirectoryWatcher:: Added:: WatchInfo: /home/ali/Projects/LARAVEL/shop/bower_components 1 undefined Project: /dev/null/inferredProject1* watcher already invoked: false
[17:49:59.747] Elapsed:: 1.5800010000239126ms DirectoryWatcher:: Added:: WatchInfo: /home/ali/Projects/LARAVEL/shop/bower_components 1 undefined Project: /dev/null/inferredProject1* watcher already invoked: false
[17:49:59.747] FileWatcher:: Added:: WatchInfo: /home/ali/Projects/LARAVEL/shop/package.json
[17:49:59.747] FileWatcher:: Added:: WatchInfo: /home/ali/Projects/LARAVEL/shop/package.json 2000 undefined Project: /dev/null/inferredProject1* watcher already invoked: false
[17:49:59.747] DirectoryWatcher:: Added:: WatchInfo: /home/ali/Projects/LARAVEL/shop/node_modules
[17:49:59.747] DirectoryWatcher:: Added:: WatchInfo: /home/ali/Projects/LARAVEL/shop/node_modules 1 undefined Project: /dev/null/inferredProject1* watcher already invoked: false
[17:49:59.747] Elapsed:: 0.07823699997970834ms DirectoryWatcher:: Added:: WatchInfo: /home/ali/Projects/LARAVEL/shop/node_modules 1 undefined Project: /dev/null/inferredProject1* watcher already invoked: false
[17:49:59.748] Installing typings ["@popperjs/core","axios","laravel-vite-plugin","postcss","sass","vite"]
[17:49:59.748] '@popperjs/core':: Entry for package 'popperjs__core' does not exist in local types registry - skipping...
[17:49:59.748] 'axios':: Entry for package 'axios' does not exist in local types registry - skipping...
[17:49:59.748] 'laravel-vite-plugin':: Entry for package 'laravel-vite-plugin' does not exist in local types registry - skipping...
[17:49:59.748] 'postcss':: Entry for package 'postcss' does not exist in local types registry - skipping...
[17:49:59.748] 'vite':: Entry for package 'vite' does not exist in local types registry - skipping...
[17:49:59.748] Npm config file: /home/ali/.cache/typescript/4.7/package.json
[17:49:59.748] Sending response:
    {"kind":"event::beginInstallTypes","eventId":1,"typingsInstallerVersion":"4.7.4","projectName":"/dev/null/inferredProject1*"}
[17:49:59.749] Response has been sent.
[17:49:59.749] #1 with arguments'["@types/sass@ts4.7"]'.
[17:49:59.749] Exec: /usr/bin/npm install --ignore-scripts @types/sass@ts4.7 --save-dev --user-agent="typesInstaller/4.7.4"
[17:50:04.859]     Succeeded. stdout:
    
    added 1 package, and audited 116 packages in 5s

2 packages are looking for funding
  run `npm fund` for details

found 0 vulnerabilities

[17:50:04.859] npm install #1 took: 5110 ms
[17:50:04.859] Installed typings ["@types/sass@ts4.7"]
[17:50:04.860] Installed typing files ["/home/ali/.cache/typescript/4.7/node_modules/@types/sass/index.d.ts"]
[17:50:04.860] Sending response:
    {"projectName":"/dev/null/inferredProject1*","typeAcquisition":{"enable":true,"include":[],"exclude":[]},"compilerOptions":{"module":1,"target":3,"jsx":1,"allowJs":true,"allowSyntheticDefaultImports":true,"allowNonTsExtensions":true,"noEmitForJsFiles":true,"maxNodeModuleJsDepth":2},"typings":["/home/ali/.cache/typescript/4.7/node_modules/@types/bootstrap/index.d.ts","/home/ali/.cache/typescript/4.7/node_modules/@types/lodash/index.d.ts","/home/ali/.cache/typescript/4.7/node_modules/@types/sass/index.d.ts"],"unresolvedImports":["laravel-vite-plugin","vite"],"kind":"action::set"}
[17:50:04.860] Response has been sent.
[17:50:04.860] Sending response:
    {"kind":"event::endInstallTypes","eventId":1,"projectName":"/dev/null/inferredProject1*","packagesToInstall":["@types/sass@ts4.7"],"installSuccess":true,"typingsInstallerVersion":"4.7.4"}
[17:50:04.860] Response has been sent.
[17:50:04.861] Got install request {"projectName":"/dev/null/inferredProject1*","fileNames":["/usr/lib/node_modules/typescript/lib/lib.es5.d.ts","/usr/lib/node_modules/typescript/lib/lib.es2015.d.ts","/usr/lib/node_modules/typescript/lib/lib.es2016.d.ts","/usr/lib/node_modules/typescript/lib/lib.dom.d.ts","/usr/lib/node_modules/typescript/lib/lib.dom.iterable.d.ts","/usr/lib/node_modules/typescript/lib/lib.webworker.importscripts.d.ts","/usr/lib/node_modules/typescript/lib/lib.scripthost.d.ts","/usr/lib/node_modules/typescript/lib/lib.es2015.core.d.ts","/usr/lib/node_modules/typescript/lib/lib.es2015.collection.d.ts","/usr/lib/node_modules/typescript/lib/lib.es2015.generator.d.ts","/usr/lib/node_modules/typescript/lib/lib.es2015.iterable.d.ts","/usr/lib/node_modules/typescript/lib/lib.es2015.promise.d.ts","/usr/lib/node_modules/typescript/lib/lib.es2015.proxy.d.ts","/usr/lib/node_modules/typescript/lib/lib.es2015.reflect.d.ts","/usr/lib/node_modules/typescript/lib/lib.es2015.symbol.d.ts","/usr/lib/node_modules/typescript/lib/lib.es2015.symbol.wellknown.d.ts","/usr/lib/node_modules/typescript/lib/lib.es2016.array.include.d.ts","/usr/lib/node_modules/typescript/lib/lib.es2016.full.d.ts","/home/ali/Projects/LARAVEL/shop/vite.config.js"],"compilerOptions":{"module":1,"target":3,"jsx":1,"allowJs":true,"allowSyntheticDefaultImports":true,"allowNonTsExtensions":true,"noEmitForJsFiles":true,"maxNodeModuleJsDepth":2},"typeAcquisition":{"enable":true,"include":[],"exclude":[]},"unresolvedImports":["laravel-vite-plugin","vite"],"projectRootPath":"/home/ali/Projects/LARAVEL/shop","kind":"discover"}
[17:50:04.861] Explicitly included types: []
[17:50:04.861] Typing names in '/home/ali/Projects/LARAVEL/shop/package.json' dependencies: ["@popperjs/core","axios","bootstrap","laravel-vite-plugin","lodash","postcss","sass","vite"]
[17:50:04.861] Inferred typings from unresolved imports: ["laravel-vite-plugin","vite"]
[17:50:04.861] Result: {"cachedTypingPaths":["/home/ali/.cache/typescript/4.7/node_modules/@types/bootstrap/index.d.ts","/home/ali/.cache/typescript/4.7/node_modules/@types/lodash/index.d.ts","/home/ali/.cache/typescript/4.7/node_modules/@types/sass/index.d.ts"],"newTypingNames":["@popperjs/core","axios","laravel-vite-plugin","postcss","vite"],"filesToWatch":["/home/ali/Projects/LARAVEL/shop/bower_components","/home/ali/Projects/LARAVEL/shop/package.json","/home/ali/Projects/LARAVEL/shop/node_modules"]}
[17:50:04.861] Finished typings discovery: {"cachedTypingPaths":["/home/ali/.cache/typescript/4.7/node_modules/@types/bootstrap/index.d.ts","/home/ali/.cache/typescript/4.7/node_modules/@types/lodash/index.d.ts","/home/ali/.cache/typescript/4.7/node_modules/@types/sass/index.d.ts"],"newTypingNames":["@popperjs/core","axios","laravel-vite-plugin","postcss","vite"],"filesToWatch":["/home/ali/Projects/LARAVEL/shop/bower_components","/home/ali/Projects/LARAVEL/shop/package.json","/home/ali/Projects/LARAVEL/shop/node_modules"]}
[17:50:04.862] Installing typings ["@popperjs/core","axios","laravel-vite-plugin","postcss","vite"]
[17:50:04.862] '@popperjs/core':: Entry for package 'popperjs__core' does not exist in local types registry - skipping...
[17:50:04.862] 'axios':: Entry for package 'axios' does not exist in local types registry - skipping...
[17:50:04.862] 'laravel-vite-plugin':: Entry for package 'laravel-vite-plugin' does not exist in local types registry - skipping...
[17:50:04.862] 'postcss':: Entry for package 'postcss' does not exist in local types registry - skipping...
[17:50:04.862] 'vite':: Entry for package 'vite' does not exist in local types registry - skipping...
[17:50:04.862] All typings are known to be missing or invalid - no need to install more typings
[17:50:04.862] Sending response:
    {"projectName":"/dev/null/inferredProject1*","typeAcquisition":{"enable":true,"include":[],"exclude":[]},"compilerOptions":{"module":1,"target":3,"jsx":1,"allowJs":true,"allowSyntheticDefaultImports":true,"allowNonTsExtensions":true,"noEmitForJsFiles":true,"maxNodeModuleJsDepth":2},"typings":["/home/ali/.cache/typescript/4.7/node_modules/@types/bootstrap/index.d.ts","/home/ali/.cache/typescript/4.7/node_modules/@types/lodash/index.d.ts","/home/ali/.cache/typescript/4.7/node_modules/@types/sass/index.d.ts"],"unresolvedImports":["laravel-vite-plugin","vite"],"kind":"action::set"}
[17:50:04.862] Response has been sent.
[17:50:05.547] Got install request {"projectName":"/dev/null/inferredProject1*","fileNames":["/usr/lib/node_modules/typescript/lib/lib.es5.d.ts","/usr/lib/node_modules/typescript/lib/lib.es2015.d.ts","/usr/lib/node_modules/typescript/lib/lib.es2016.d.ts","/usr/lib/node_modules/typescript/lib/lib.dom.d.ts","/usr/lib/node_modules/typescript/lib/lib.dom.iterable.d.ts","/usr/lib/node_modules/typescript/lib/lib.webworker.importscripts.d.ts","/usr/lib/node_modules/typescript/lib/lib.scripthost.d.ts","/usr/lib/node_modules/typescript/lib/lib.es2015.core.d.ts","/usr/lib/node_modules/typescript/lib/lib.es2015.collection.d.ts","/usr/lib/node_modules/typescript/lib/lib.es2015.generator.d.ts","/usr/lib/node_modules/typescript/lib/lib.es2015.iterable.d.ts","/usr/lib/node_modules/typescript/lib/lib.es2015.promise.d.ts","/usr/lib/node_modules/typescript/lib/lib.es2015.proxy.d.ts","/usr/lib/node_modules/typescript/lib/lib.es2015.reflect.d.ts","/usr/lib/node_modules/typescript/lib/lib.es2015.symbol.d.ts","/usr/lib/node_modules/typescript/lib/lib.es2015.symbol.wellknown.d.ts","/usr/lib/node_modules/typescript/lib/lib.es2016.array.include.d.ts","/usr/lib/node_modules/typescript/lib/lib.es2016.full.d.ts","/home/ali/Projects/LARAVEL/shop/vite.config.js","/home/ali/.cache/typescript/4.7/node_modules/@types/bootstrap/index.d.ts","/home/ali/.cache/typescript/4.7/node_modules/@types/lodash/common/common.d.ts","/home/ali/.cache/typescript/4.7/node_modules/@types/lodash/common/array.d.ts","/home/ali/.cache/typescript/4.7/node_modules/@types/lodash/common/collection.d.ts","/home/ali/.cache/typescript/4.7/node_modules/@types/lodash/common/date.d.ts","/home/ali/.cache/typescript/4.7/node_modules/@types/lodash/common/function.d.ts","/home/ali/.cache/typescript/4.7/node_modules/@types/lodash/common/lang.d.ts","/home/ali/.cache/typescript/4.7/node_modules/@types/lodash/common/math.d.ts","/home/ali/.cache/typescript/4.7/node_modules/@types/lodash/common/number.d.ts","/home/ali/.cache/typescript/4.7/node_modules/@types/lodash/common/object.d.ts","/home/ali/.cache/typescript/4.7/node_modules/@types/lodash/common/seq.d.ts","/home/ali/.cache/typescript/4.7/node_modules/@types/lodash/common/string.d.ts","/home/ali/.cache/typescript/4.7/node_modules/@types/lodash/common/util.d.ts","/home/ali/.cache/typescript/4.7/node_modules/@types/lodash/index.d.ts","/home/ali/.cache/typescript/4.7/node_modules/@types/sass/index.d.ts"],"compilerOptions":{"module":1,"target":3,"jsx":1,"allowJs":true,"allowSyntheticDefaultImports":true,"allowNonTsExtensions":true,"noEmitForJsFiles":true,"maxNodeModuleJsDepth":2},"typeAcquisition":{"enable":true,"include":[],"exclude":[]},"unresolvedImports":["laravel-vite-plugin","vite"],"projectRootPath":"/home/ali/Projects/LARAVEL/shop","kind":"discover"}
[17:50:05.547] Explicitly included types: []
[17:50:05.548] Typing names in '/home/ali/Projects/LARAVEL/shop/package.json' dependencies: ["@popperjs/core","axios","bootstrap","laravel-vite-plugin","lodash","postcss","sass","vite"]
[17:50:05.548] Inferred typings from unresolved imports: ["laravel-vite-plugin","vite"]
[17:50:05.548] Result: {"cachedTypingPaths":["/home/ali/.cache/typescript/4.7/node_modules/@types/bootstrap/index.d.ts","/home/ali/.cache/typescript/4.7/node_modules/@types/lodash/index.d.ts","/home/ali/.cache/typescript/4.7/node_modules/@types/sass/index.d.ts"],"newTypingNames":["@popperjs/core","axios","laravel-vite-plugin","postcss","vite"],"filesToWatch":["/home/ali/Projects/LARAVEL/shop/bower_components","/home/ali/Projects/LARAVEL/shop/package.json","/home/ali/Projects/LARAVEL/shop/node_modules"]}
[17:50:05.548] Finished typings discovery: {"cachedTypingPaths":["/home/ali/.cache/typescript/4.7/node_modules/@types/bootstrap/index.d.ts","/home/ali/.cache/typescript/4.7/node_modules/@types/lodash/index.d.ts","/home/ali/.cache/typescript/4.7/node_modules/@types/sass/index.d.ts"],"newTypingNames":["@popperjs/core","axios","laravel-vite-plugin","postcss","vite"],"filesToWatch":["/home/ali/Projects/LARAVEL/shop/bower_components","/home/ali/Projects/LARAVEL/shop/package.json","/home/ali/Projects/LARAVEL/shop/node_modules"]}
[17:50:05.549] Installing typings ["@popperjs/core","axios","laravel-vite-plugin","postcss","vite"]
[17:50:05.549] '@popperjs/core':: Entry for package 'popperjs__core' does not exist in local types registry - skipping...
[17:50:05.549] 'axios':: Entry for package 'axios' does not exist in local types registry - skipping...
[17:50:05.549] 'laravel-vite-plugin':: Entry for package 'laravel-vite-plugin' does not exist in local types registry - skipping...
[17:50:05.549] 'postcss':: Entry for package 'postcss' does not exist in local types registry - skipping...
[17:50:05.549] 'vite':: Entry for package 'vite' does not exist in local types registry - skipping...
[17:50:05.549] All typings are known to be missing or invalid - no need to install more typings
[17:50:05.549] Sending response:
    {"projectName":"/dev/null/inferredProject1*","typeAcquisition":{"enable":true,"include":[],"exclude":[]},"compilerOptions":{"module":1,"target":3,"jsx":1,"allowJs":true,"allowSyntheticDefaultImports":true,"allowNonTsExtensions":true,"noEmitForJsFiles":true,"maxNodeModuleJsDepth":2},"typings":["/home/ali/.cache/typescript/4.7/node_modules/@types/bootstrap/index.d.ts","/home/ali/.cache/typescript/4.7/node_modules/@types/lodash/index.d.ts","/home/ali/.cache/typescript/4.7/node_modules/@types/sass/index.d.ts"],"unresolvedImports":["laravel-vite-plugin","vite"],"kind":"action::set"}
[17:50:05.549] Response has been sent.
[17:50:42.957] Got install request {"projectName":"/dev/null/inferredProject2*","fileNames":["/usr/lib/node_modules/typescript/lib/lib.es5.d.ts","/usr/lib/node_modules/typescript/lib/lib.es2015.d.ts","/usr/lib/node_modules/typescript/lib/lib.es2016.d.ts","/usr/lib/node_modules/typescript/lib/lib.dom.d.ts","/usr/lib/node_modules/typescript/lib/lib.dom.iterable.d.ts","/usr/lib/node_modules/typescript/lib/lib.webworker.importscripts.d.ts","/usr/lib/node_modules/typescript/lib/lib.scripthost.d.ts","/usr/lib/node_modules/typescript/lib/lib.es2015.core.d.ts","/usr/lib/node_modules/typescript/lib/lib.es2015.collection.d.ts","/usr/lib/node_modules/typescript/lib/lib.es2015.generator.d.ts","/usr/lib/node_modules/typescript/lib/lib.es2015.iterable.d.ts","/usr/lib/node_modules/typescript/lib/lib.es2015.promise.d.ts","/usr/lib/node_modules/typescript/lib/lib.es2015.proxy.d.ts","/usr/lib/node_modules/typescript/lib/lib.es2015.reflect.d.ts","/usr/lib/node_modules/typescript/lib/lib.es2015.symbol.d.ts","/usr/lib/node_modules/typescript/lib/lib.es2015.symbol.wellknown.d.ts","/usr/lib/node_modules/typescript/lib/lib.es2016.array.include.d.ts","/usr/lib/node_modules/typescript/lib/lib.es2016.full.d.ts","/home/ali/Projects/LARAVEL/shop/resources/js/bootstrap.js"],"compilerOptions":{"module":1,"target":3,"jsx":1,"allowJs":true,"allowSyntheticDefaultImports":true,"allowNonTsExtensions":true,"noEmitForJsFiles":true,"maxNodeModuleJsDepth":2},"typeAcquisition":{"enable":true,"include":[],"exclude":[]},"unresolvedImports":["axios"],"projectRootPath":"/home/ali/Projects/LARAVEL/shop/resources/js","kind":"discover"}
[17:50:42.958] Explicitly included types: []
[17:50:42.958] Inferred typings from file names: ["bootstrap"]
[17:50:42.958] Inferred typings from unresolved imports: ["axios"]
[17:50:42.958] Result: {"cachedTypingPaths":["/home/ali/.cache/typescript/4.7/node_modules/@types/bootstrap/index.d.ts"],"newTypingNames":["axios"],"filesToWatch":["/home/ali/Projects/LARAVEL/shop/resources/js/bower_components","/home/ali/Projects/LARAVEL/shop/resources/js/node_modules"]}
[17:50:42.958] Finished typings discovery: {"cachedTypingPaths":["/home/ali/.cache/typescript/4.7/node_modules/@types/bootstrap/index.d.ts"],"newTypingNames":["axios"],"filesToWatch":["/home/ali/Projects/LARAVEL/shop/resources/js/bower_components","/home/ali/Projects/LARAVEL/shop/resources/js/node_modules"]}
[17:50:42.959] DirectoryWatcher:: Added:: WatchInfo: /home/ali/Projects/LARAVEL/shop/resources/js/bower_components
[17:50:42.959] DirectoryWatcher:: Added:: WatchInfo: /home/ali/Projects/LARAVEL/shop/resources/js/bower_components 1 undefined Project: /dev/null/inferredProject2* watcher already invoked: false
[17:50:42.959] Elapsed:: 0.3249109999742359ms DirectoryWatcher:: Added:: WatchInfo: /home/ali/Projects/LARAVEL/shop/resources/js/bower_components 1 undefined Project: /dev/null/inferredProject2* watcher already invoked: false
[17:50:42.959] DirectoryWatcher:: Added:: WatchInfo: /home/ali/Projects/LARAVEL/shop/resources/js/node_modules
[17:50:42.959] DirectoryWatcher:: Added:: WatchInfo: /home/ali/Projects/LARAVEL/shop/resources/js/node_modules 1 undefined Project: /dev/null/inferredProject2* watcher already invoked: false
[17:50:42.960] Elapsed:: 0.2329479999607429ms DirectoryWatcher:: Added:: WatchInfo: /home/ali/Projects/LARAVEL/shop/resources/js/node_modules 1 undefined Project: /dev/null/inferredProject2* watcher already invoked: false
[17:50:42.960] Installing typings ["axios"]
[17:50:42.960] 'axios':: Entry for package 'axios' does not exist in local types registry - skipping...
[17:50:42.960] All typings are known to be missing or invalid - no need to install more typings
[17:50:42.960] Sending response:
    {"projectName":"/dev/null/inferredProject2*","typeAcquisition":{"enable":true,"include":[],"exclude":[]},"compilerOptions":{"module":1,"target":3,"jsx":1,"allowJs":true,"allowSyntheticDefaultImports":true,"allowNonTsExtensions":true,"noEmitForJsFiles":true,"maxNodeModuleJsDepth":2},"typings":["/home/ali/.cache/typescript/4.7/node_modules/@types/bootstrap/index.d.ts"],"unresolvedImports":["axios"],"kind":"action::set"}
[17:50:42.960] Response has been sent.
[17:51:11.883] Got install request {"projectName":"/dev/null/inferredProject3*","fileNames":["/usr/lib/node_modules/typescript/lib/lib.es5.d.ts","/usr/lib/node_modules/typescript/lib/lib.es2015.d.ts","/usr/lib/node_modules/typescript/lib/lib.es2016.d.ts","/usr/lib/node_modules/typescript/lib/lib.dom.d.ts","/usr/lib/node_modules/typescript/lib/lib.dom.iterable.d.ts","/usr/lib/node_modules/typescript/lib/lib.webworker.importscripts.d.ts","/usr/lib/node_modules/typescript/lib/lib.scripthost.d.ts","/usr/lib/node_modules/typescript/lib/lib.es2015.core.d.ts","/usr/lib/node_modules/typescript/lib/lib.es2015.collection.d.ts","/usr/lib/node_modules/typescript/lib/lib.es2015.generator.d.ts","/usr/lib/node_modules/typescript/lib/lib.es2015.iterable.d.ts","/usr/lib/node_modules/typescript/lib/lib.es2015.promise.d.ts","/usr/lib/node_modules/typescript/lib/lib.es2015.proxy.d.ts","/usr/lib/node_modules/typescript/lib/lib.es2015.reflect.d.ts","/usr/lib/node_modules/typescript/lib/lib.es2015.symbol.d.ts","/usr/lib/node_modules/typescript/lib/lib.es2015.symbol.wellknown.d.ts","/usr/lib/node_modules/typescript/lib/lib.es2016.array.include.d.ts","/usr/lib/node_modules/typescript/lib/lib.es2016.full.d.ts","/home/ali/Projects/LARAVEL/shop/resources/js/bootstrap.js","/home/ali/Projects/LARAVEL/shop/resources/js/app.js"],"compilerOptions":{"module":1,"target":3,"jsx":1,"allowJs":true,"allowSyntheticDefaultImports":true,"allowNonTsExtensions":true,"noEmitForJsFiles":true,"maxNodeModuleJsDepth":2},"typeAcquisition":{"enable":true,"include":[],"exclude":[]},"unresolvedImports":["axios"],"projectRootPath":"/home/ali/Projects/LARAVEL/shop/resources/js","kind":"discover"}
[17:51:11.883] Explicitly included types: []
[17:51:11.883] Inferred typings from file names: ["bootstrap"]
[17:51:11.883] Inferred typings from unresolved imports: ["axios"]
[17:51:11.883] Result: {"cachedTypingPaths":["/home/ali/.cache/typescript/4.7/node_modules/@types/bootstrap/index.d.ts"],"newTypingNames":["axios"],"filesToWatch":["/home/ali/Projects/LARAVEL/shop/resources/js/bower_components","/home/ali/Projects/LARAVEL/shop/resources/js/node_modules"]}
[17:51:11.883] Finished typings discovery: {"cachedTypingPaths":["/home/ali/.cache/typescript/4.7/node_modules/@types/bootstrap/index.d.ts"],"newTypingNames":["axios"],"filesToWatch":["/home/ali/Projects/LARAVEL/shop/resources/js/bower_components","/home/ali/Projects/LARAVEL/shop/resources/js/node_modules"]}
[17:51:11.883] DirectoryWatcher:: Added:: WatchInfo: /home/ali/Projects/LARAVEL/shop/resources/js/bower_components
[17:51:11.884] DirectoryWatcher:: Added:: WatchInfo: /home/ali/Projects/LARAVEL/shop/resources/js/bower_components 1 undefined Project: /dev/null/inferredProject3* watcher already invoked: false
[17:51:11.884] Elapsed:: 0.024296000017784536ms DirectoryWatcher:: Added:: WatchInfo: /home/ali/Projects/LARAVEL/shop/resources/js/bower_components 1 undefined Project: /dev/null/inferredProject3* watcher already invoked: false
[17:51:11.884] DirectoryWatcher:: Added:: WatchInfo: /home/ali/Projects/LARAVEL/shop/resources/js/node_modules
[17:51:11.884] DirectoryWatcher:: Added:: WatchInfo: /home/ali/Projects/LARAVEL/shop/resources/js/node_modules 1 undefined Project: /dev/null/inferredProject3* watcher already invoked: false
[17:51:11.884] Elapsed:: 0.018443999986629933ms DirectoryWatcher:: Added:: WatchInfo: /home/ali/Projects/LARAVEL/shop/resources/js/node_modules 1 undefined Project: /dev/null/inferredProject3* watcher already invoked: false
[17:51:11.884] Installing typings ["axios"]
[17:51:11.884] 'axios':: Entry for package 'axios' does not exist in local types registry - skipping...
[17:51:11.884] All typings are known to be missing or invalid - no need to install more typings
[17:51:11.884] Sending response:
    {"projectName":"/dev/null/inferredProject3*","typeAcquisition":{"enable":true,"include":[],"exclude":[]},"compilerOptions":{"module":1,"target":3,"jsx":1,"allowJs":true,"allowSyntheticDefaultImports":true,"allowNonTsExtensions":true,"noEmitForJsFiles":true,"maxNodeModuleJsDepth":2},"typings":["/home/ali/.cache/typescript/4.7/node_modules/@types/bootstrap/index.d.ts"],"unresolvedImports":["axios"],"kind":"action::set"}
[17:51:11.884] Response has been sent.
[17:53:02.364] sysLog:: /home/ali/Projects/LARAVEL/shop/node_modules:: Changing watcher to PresentFileSystemEntryWatcher
[17:53:03.975] sysLog:: onTimerToUpdateChildWatches:: 1
[17:53:04.001] sysLog:: invokingWatchers:: Elapsed:: 25.50188799999887ms:: 0
[17:53:04.001] DirectoryWatcher:: Triggered with /home/ali/Projects/LARAVEL/shop/node_modules :: WatchInfo: /home/ali/Projects/LARAVEL/shop/node_modules 1 undefined Project: /dev/null/inferredProject1* watcher already invoked: false
[17:53:04.002] Elapsed:: 0.11403399996925145ms DirectoryWatcher:: Triggered with /home/ali/Projects/LARAVEL/shop/node_modules :: WatchInfo: /home/ali/Projects/LARAVEL/shop/node_modules 1 undefined Project: /dev/null/inferredProject1* watcher already invoked: false
[17:53:04.002] sysLog:: Elapsed:: 26.09730700001819ms:: onTimerToUpdateChildWatches:: 0 undefined
[17:53:05.671] Got install request {"projectName":"/dev/null/inferredProject1*","fileNames":["/usr/lib/node_modules/typescript/lib/lib.es5.d.ts","/usr/lib/node_modules/typescript/lib/lib.es2015.d.ts","/usr/lib/node_modules/typescript/lib/lib.es2016.d.ts","/usr/lib/node_modules/typescript/lib/lib.dom.d.ts","/usr/lib/node_modules/typescript/lib/lib.dom.iterable.d.ts","/usr/lib/node_modules/typescript/lib/lib.webworker.importscripts.d.ts","/usr/lib/node_modules/typescript/lib/lib.scripthost.d.ts","/usr/lib/node_modules/typescript/lib/lib.es2015.core.d.ts","/usr/lib/node_modules/typescript/lib/lib.es2015.collection.d.ts","/usr/lib/node_modules/typescript/lib/lib.es2015.generator.d.ts","/usr/lib/node_modules/typescript/lib/lib.es2015.iterable.d.ts","/usr/lib/node_modules/typescript/lib/lib.es2015.promise.d.ts","/usr/lib/node_modules/typescript/lib/lib.es2015.proxy.d.ts","/usr/lib/node_modules/typescript/lib/lib.es2015.reflect.d.ts","/usr/lib/node_modules/typescript/lib/lib.es2015.symbol.d.ts","/usr/lib/node_modules/typescript/lib/lib.es2015.symbol.wellknown.d.ts","/usr/lib/node_modules/typescript/lib/lib.es2016.array.include.d.ts","/usr/lib/node_modules/typescript/lib/lib.es2016.full.d.ts","/home/ali/Projects/LARAVEL/shop/vite.config.js","/home/ali/.cache/typescript/4.7/node_modules/@types/bootstrap/index.d.ts","/home/ali/.cache/typescript/4.7/node_modules/@types/lodash/common/common.d.ts","/home/ali/.cache/typescript/4.7/node_modules/@types/lodash/common/array.d.ts","/home/ali/.cache/typescript/4.7/node_modules/@types/lodash/common/collection.d.ts","/home/ali/.cache/typescript/4.7/node_modules/@types/lodash/common/date.d.ts","/home/ali/.cache/typescript/4.7/node_modules/@types/lodash/common/function.d.ts","/home/ali/.cache/typescript/4.7/node_modules/@types/lodash/common/lang.d.ts","/home/ali/.cache/typescript/4.7/node_modules/@types/lodash/common/math.d.ts","/home/ali/.cache/typescript/4.7/node_modules/@types/lodash/common/number.d.ts","/home/ali/.cache/typescript/4.7/node_modules/@types/lodash/common/object.d.ts","/home/ali/.cache/typescript/4.7/node_modules/@types/lodash/common/seq.d.ts","/home/ali/.cache/typescript/4.7/node_modules/@types/lodash/common/string.d.ts","/home/ali/.cache/typescript/4.7/node_modules/@types/lodash/common/util.d.ts","/home/ali/.cache/typescript/4.7/node_modules/@types/lodash/index.d.ts","/home/ali/.cache/typescript/4.7/node_modules/@types/sass/index.d.ts"],"compilerOptions":{"module":1,"target":3,"jsx":1,"allowJs":true,"allowSyntheticDefaultImports":true,"allowNonTsExtensions":true,"noEmitForJsFiles":true,"maxNodeModuleJsDepth":2},"typeAcquisition":{"enable":true,"include":[],"exclude":[]},"unresolvedImports":[],"projectRootPath":"/home/ali/Projects/LARAVEL/shop","kind":"discover"}
[17:53:05.671] Explicitly included types: []
[17:53:05.672] Typing names in '/home/ali/Projects/LARAVEL/shop/package.json' dependencies: ["@popperjs/core","axios","bootstrap","laravel-vite-plugin","lodash","postcss","sass","vite"]
[17:53:05.672] Searching for typing names in /home/ali/Projects/LARAVEL/shop/node_modules; all files: ["/home/ali/Projects/LARAVEL/shop/node_modules/@popperjs/core/package.json","/home/ali/Projects/LARAVEL/shop/node_modules/axios/package.json","/home/ali/Projects/LARAVEL/shop/node_modules/bootstrap/package.json","/home/ali/Projects/LARAVEL/shop/node_modules/laravel-vite-plugin/package.json","/home/ali/Projects/LARAVEL/shop/node_modules/lodash/package.json","/home/ali/Projects/LARAVEL/shop/node_modules/postcss/package.json","/home/ali/Projects/LARAVEL/shop/node_modules/sass/package.json","/home/ali/Projects/LARAVEL/shop/node_modules/vite/package.json"]
[17:53:05.676]     Package 'axios' provides its own types.
[17:53:05.680]     Package 'laravel-vite-plugin' provides its own types.
[17:53:05.681]     Package 'postcss' provides its own types.
[17:53:05.682]     Package 'sass' provides its own types.
[17:53:05.684]     Package 'vite' provides its own types.
[17:53:05.684]     Found package names: ["@popperjs/core","bootstrap","lodash"]
[17:53:05.684] Inferred typings from unresolved imports: []
[17:53:05.684] Result: {"cachedTypingPaths":["/home/ali/Projects/LARAVEL/shop/node_modules/axios/index.d.ts","/home/ali/.cache/typescript/4.7/node_modules/@types/bootstrap/index.d.ts","/home/ali/Projects/LARAVEL/shop/node_modules/laravel-vite-plugin/dist/index.d.ts","/home/ali/.cache/typescript/4.7/node_modules/@types/lodash/index.d.ts","/home/ali/Projects/LARAVEL/shop/node_modules/postcss/lib/postcss.d.ts","/home/ali/Projects/LARAVEL/shop/node_modules/sass/types/index.d.ts","/home/ali/Projects/LARAVEL/shop/node_modules/vite/dist/node/index.d.ts"],"newTypingNames":["@popperjs/core"],"filesToWatch":["/home/ali/Projects/LARAVEL/shop/bower_components","/home/ali/Projects/LARAVEL/shop/package.json","/home/ali/Projects/LARAVEL/shop/node_modules"]}
[17:53:05.684] Finished typings discovery: {"cachedTypingPaths":["/home/ali/Projects/LARAVEL/shop/node_modules/axios/index.d.ts","/home/ali/.cache/typescript/4.7/node_modules/@types/bootstrap/index.d.ts","/home/ali/Projects/LARAVEL/shop/node_modules/laravel-vite-plugin/dist/index.d.ts","/home/ali/.cache/typescript/4.7/node_modules/@types/lodash/index.d.ts","/home/ali/Projects/LARAVEL/shop/node_modules/postcss/lib/postcss.d.ts","/home/ali/Projects/LARAVEL/shop/node_modules/sass/types/index.d.ts","/home/ali/Projects/LARAVEL/shop/node_modules/vite/dist/node/index.d.ts"],"newTypingNames":["@popperjs/core"],"filesToWatch":["/home/ali/Projects/LARAVEL/shop/bower_components","/home/ali/Projects/LARAVEL/shop/package.json","/home/ali/Projects/LARAVEL/shop/node_modules"]}
[17:53:05.684] Installing typings ["@popperjs/core"]
[17:53:05.685] '@popperjs/core':: Entry for package 'popperjs__core' does not exist in local types registry - skipping...
[17:53:05.685] All typings are known to be missing or invalid - no need to install more typings
[17:53:05.685] Sending response:
    {"projectName":"/dev/null/inferredProject1*","typeAcquisition":{"enable":true,"include":[],"exclude":[]},"compilerOptions":{"module":1,"target":3,"jsx":1,"allowJs":true,"allowSyntheticDefaultImports":true,"allowNonTsExtensions":true,"noEmitForJsFiles":true,"maxNodeModuleJsDepth":2},"typings":["/home/ali/Projects/LARAVEL/shop/node_modules/axios/index.d.ts","/home/ali/.cache/typescript/4.7/node_modules/@types/bootstrap/index.d.ts","/home/ali/Projects/LARAVEL/shop/node_modules/laravel-vite-plugin/dist/index.d.ts","/home/ali/.cache/typescript/4.7/node_modules/@types/lodash/index.d.ts","/home/ali/Projects/LARAVEL/shop/node_modules/postcss/lib/postcss.d.ts","/home/ali/Projects/LARAVEL/shop/node_modules/sass/types/index.d.ts","/home/ali/Projects/LARAVEL/shop/node_modules/vite/dist/node/index.d.ts"],"unresolvedImports":[],"kind":"action::set"}
[17:53:05.685] Response has been sent.
[17:53:05.771] Got install request {"projectName":"/dev/null/inferredProject3*","fileNames":["/usr/lib/node_modules/typescript/lib/lib.es5.d.ts","/usr/lib/node_modules/typescript/lib/lib.es2015.d.ts","/usr/lib/node_modules/typescript/lib/lib.es2016.d.ts","/usr/lib/node_modules/typescript/lib/lib.dom.d.ts","/usr/lib/node_modules/typescript/lib/lib.dom.iterable.d.ts","/usr/lib/node_modules/typescript/lib/lib.webworker.importscripts.d.ts","/usr/lib/node_modules/typescript/lib/lib.scripthost.d.ts","/usr/lib/node_modules/typescript/lib/lib.es2015.core.d.ts","/usr/lib/node_modules/typescript/lib/lib.es2015.collection.d.ts","/usr/lib/node_modules/typescript/lib/lib.es2015.generator.d.ts","/usr/lib/node_modules/typescript/lib/lib.es2015.iterable.d.ts","/usr/lib/node_modules/typescript/lib/lib.es2015.promise.d.ts","/usr/lib/node_modules/typescript/lib/lib.es2015.proxy.d.ts","/usr/lib/node_modules/typescript/lib/lib.es2015.reflect.d.ts","/usr/lib/node_modules/typescript/lib/lib.es2015.symbol.d.ts","/usr/lib/node_modules/typescript/lib/lib.es2015.symbol.wellknown.d.ts","/usr/lib/node_modules/typescript/lib/lib.es2016.array.include.d.ts","/usr/lib/node_modules/typescript/lib/lib.es2016.full.d.ts","/home/ali/.cache/typescript/4.7/node_modules/@types/bootstrap/index.d.ts","/home/ali/Projects/LARAVEL/shop/resources/js/bootstrap.js","/home/ali/Projects/LARAVEL/shop/resources/js/app.js"],"compilerOptions":{"module":1,"target":3,"jsx":1,"allowJs":true,"allowSyntheticDefaultImports":true,"allowNonTsExtensions":true,"noEmitForJsFiles":true,"maxNodeModuleJsDepth":2},"typeAcquisition":{"enable":true,"include":[],"exclude":[]},"unresolvedImports":[],"projectRootPath":"/home/ali/Projects/LARAVEL/shop/resources/js","kind":"discover"}
[17:53:05.771] Explicitly included types: []
[17:53:05.772] Inferred typings from file names: ["bootstrap"]
[17:53:05.772] Inferred typings from unresolved imports: []
[17:53:05.772] Result: {"cachedTypingPaths":["/home/ali/.cache/typescript/4.7/node_modules/@types/bootstrap/index.d.ts"],"newTypingNames":[],"filesToWatch":["/home/ali/Projects/LARAVEL/shop/resources/js/bower_components","/home/ali/Projects/LARAVEL/shop/resources/js/node_modules"]}
[17:53:05.772] Finished typings discovery: {"cachedTypingPaths":["/home/ali/.cache/typescript/4.7/node_modules/@types/bootstrap/index.d.ts"],"newTypingNames":[],"filesToWatch":["/home/ali/Projects/LARAVEL/shop/resources/js/bower_components","/home/ali/Projects/LARAVEL/shop/resources/js/node_modules"]}
[17:53:05.772] Sending response:
    {"projectName":"/dev/null/inferredProject3*","typeAcquisition":{"enable":true,"include":[],"exclude":[]},"compilerOptions":{"module":1,"target":3,"jsx":1,"allowJs":true,"allowSyntheticDefaultImports":true,"allowNonTsExtensions":true,"noEmitForJsFiles":true,"maxNodeModuleJsDepth":2},"typings":["/home/ali/.cache/typescript/4.7/node_modules/@types/bootstrap/index.d.ts"],"unresolvedImports":[],"kind":"action::set"}
[17:53:05.772] Response has been sent.
[17:53:05.773] No new typings were requested as a result of typings discovery
[17:53:06.194] Got install request {"projectName":"/dev/null/inferredProject1*","fileNames":["/usr/lib/node_modules/typescript/lib/lib.es5.d.ts","/usr/lib/node_modules/typescript/lib/lib.es2015.d.ts","/usr/lib/node_modules/typescript/lib/lib.es2016.d.ts","/usr/lib/node_modules/typescript/lib/lib.dom.d.ts","/usr/lib/node_modules/typescript/lib/lib.dom.iterable.d.ts","/usr/lib/node_modules/typescript/lib/lib.webworker.importscripts.d.ts","/usr/lib/node_modules/typescript/lib/lib.scripthost.d.ts","/usr/lib/node_modules/typescript/lib/lib.es2015.core.d.ts","/usr/lib/node_modules/typescript/lib/lib.es2015.collection.d.ts","/usr/lib/node_modules/typescript/lib/lib.es2015.generator.d.ts","/usr/lib/node_modules/typescript/lib/lib.es2015.iterable.d.ts","/usr/lib/node_modules/typescript/lib/lib.es2015.promise.d.ts","/usr/lib/node_modules/typescript/lib/lib.es2015.proxy.d.ts","/usr/lib/node_modules/typescript/lib/lib.es2015.reflect.d.ts","/usr/lib/node_modules/typescript/lib/lib.es2015.symbol.d.ts","/usr/lib/node_modules/typescript/lib/lib.es2015.symbol.wellknown.d.ts","/usr/lib/node_modules/typescript/lib/lib.es2016.array.include.d.ts","/usr/lib/node_modules/typescript/lib/lib.es2016.full.d.ts","/home/ali/Projects/LARAVEL/shop/node_modules/postcss/lib/postcss.d.ts","/home/ali/Projects/LARAVEL/shop/node_modules/vite/dist/node/index.d.ts","/home/ali/Projects/LARAVEL/shop/node_modules/laravel-vite-plugin/dist/index.d.ts","/home/ali/Projects/LARAVEL/shop/vite.config.js","/home/ali/.cache/typescript/4.7/node_modules/@types/bootstrap/index.d.ts","/home/ali/.cache/typescript/4.7/node_modules/@types/lodash/common/common.d.ts","/home/ali/.cache/typescript/4.7/node_modules/@types/lodash/common/array.d.ts","/home/ali/.cache/typescript/4.7/node_modules/@types/lodash/common/collection.d.ts","/home/ali/.cache/typescript/4.7/node_modules/@types/lodash/common/date.d.ts","/home/ali/.cache/typescript/4.7/node_modules/@types/lodash/common/function.d.ts","/home/ali/.cache/typescript/4.7/node_modules/@types/lodash/common/lang.d.ts","/home/ali/.cache/typescript/4.7/node_modules/@types/lodash/common/math.d.ts","/home/ali/.cache/typescript/4.7/node_modules/@types/lodash/common/number.d.ts","/home/ali/.cache/typescript/4.7/node_modules/@types/lodash/common/object.d.ts","/home/ali/.cache/typescript/4.7/node_modules/@types/lodash/common/seq.d.ts","/home/ali/.cache/typescript/4.7/node_modules/@types/lodash/common/string.d.ts","/home/ali/.cache/typescript/4.7/node_modules/@types/lodash/common/util.d.ts","/home/ali/.cache/typescript/4.7/node_modules/@types/lodash/index.d.ts","/home/ali/Projects/LARAVEL/shop/node_modules/axios/index.d.ts","/home/ali/Projects/LARAVEL/shop/node_modules/sass/types/index.d.ts"],"compilerOptions":{"module":1,"target":3,"jsx":1,"allowJs":true,"allowSyntheticDefaultImports":true,"allowNonTsExtensions":true,"noEmitForJsFiles":true,"maxNodeModuleJsDepth":2},"typeAcquisition":{"enable":true,"include":[],"exclude":[]},"unresolvedImports":[],"projectRootPath":"/home/ali/Projects/LARAVEL/shop","kind":"discover"}
[17:53:06.194] Explicitly included types: []
[17:53:06.195] Typing names in '/home/ali/Projects/LARAVEL/shop/package.json' dependencies: ["@popperjs/core","axios","bootstrap","laravel-vite-plugin","lodash","postcss","sass","vite"]
[17:53:06.195] Searching for typing names in /home/ali/Projects/LARAVEL/shop/node_modules; all files: ["/home/ali/Projects/LARAVEL/shop/node_modules/@popperjs/core/package.json","/home/ali/Projects/LARAVEL/shop/node_modules/axios/package.json","/home/ali/Projects/LARAVEL/shop/node_modules/bootstrap/package.json","/home/ali/Projects/LARAVEL/shop/node_modules/laravel-vite-plugin/package.json","/home/ali/Projects/LARAVEL/shop/node_modules/lodash/package.json","/home/ali/Projects/LARAVEL/shop/node_modules/postcss/package.json","/home/ali/Projects/LARAVEL/shop/node_modules/sass/package.json","/home/ali/Projects/LARAVEL/shop/node_modules/vite/package.json"]
[17:53:06.197]     Package 'axios' provides its own types.
[17:53:06.201]     Package 'laravel-vite-plugin' provides its own types.
[17:53:06.203]     Package 'postcss' provides its own types.
[17:53:06.204]     Package 'sass' provides its own types.
[17:53:06.206]     Package 'vite' provides its own types.
[17:53:06.206]     Found package names: ["@popperjs/core","bootstrap","lodash"]
[17:53:06.206] Inferred typings from unresolved imports: []
[17:53:06.206] Result: {"cachedTypingPaths":["/home/ali/Projects/LARAVEL/shop/node_modules/axios/index.d.ts","/home/ali/.cache/typescript/4.7/node_modules/@types/bootstrap/index.d.ts","/home/ali/Projects/LARAVEL/shop/node_modules/laravel-vite-plugin/dist/index.d.ts","/home/ali/.cache/typescript/4.7/node_modules/@types/lodash/index.d.ts","/home/ali/Projects/LARAVEL/shop/node_modules/postcss/lib/postcss.d.ts","/home/ali/Projects/LARAVEL/shop/node_modules/sass/types/index.d.ts","/home/ali/Projects/LARAVEL/shop/node_modules/vite/dist/node/index.d.ts"],"newTypingNames":["@popperjs/core"],"filesToWatch":["/home/ali/Projects/LARAVEL/shop/bower_components","/home/ali/Projects/LARAVEL/shop/package.json","/home/ali/Projects/LARAVEL/shop/node_modules"]}
[17:53:06.206] Finished typings discovery: {"cachedTypingPaths":["/home/ali/Projects/LARAVEL/shop/node_modules/axios/index.d.ts","/home/ali/.cache/typescript/4.7/node_modules/@types/bootstrap/index.d.ts","/home/ali/Projects/LARAVEL/shop/node_modules/laravel-vite-plugin/dist/index.d.ts","/home/ali/.cache/typescript/4.7/node_modules/@types/lodash/index.d.ts","/home/ali/Projects/LARAVEL/shop/node_modules/postcss/lib/postcss.d.ts","/home/ali/Projects/LARAVEL/shop/node_modules/sass/types/index.d.ts","/home/ali/Projects/LARAVEL/shop/node_modules/vite/dist/node/index.d.ts"],"newTypingNames":["@popperjs/core"],"filesToWatch":["/home/ali/Projects/LARAVEL/shop/bower_components","/home/ali/Projects/LARAVEL/shop/package.json","/home/ali/Projects/LARAVEL/shop/node_modules"]}
[17:53:06.207] Installing typings ["@popperjs/core"]
[17:53:06.207] '@popperjs/core':: Entry for package 'popperjs__core' does not exist in local types registry - skipping...
[17:53:06.207] All typings are known to be missing or invalid - no need to install more typings
[17:53:06.207] Sending response:
    {"projectName":"/dev/null/inferredProject1*","typeAcquisition":{"enable":true,"include":[],"exclude":[]},"compilerOptions":{"module":1,"target":3,"jsx":1,"allowJs":true,"allowSyntheticDefaultImports":true,"allowNonTsExtensions":true,"noEmitForJsFiles":true,"maxNodeModuleJsDepth":2},"typings":["/home/ali/Projects/LARAVEL/shop/node_modules/axios/index.d.ts","/home/ali/.cache/typescript/4.7/node_modules/@types/bootstrap/index.d.ts","/home/ali/Projects/LARAVEL/shop/node_modules/laravel-vite-plugin/dist/index.d.ts","/home/ali/.cache/typescript/4.7/node_modules/@types/lodash/index.d.ts","/home/ali/Projects/LARAVEL/shop/node_modules/postcss/lib/postcss.d.ts","/home/ali/Projects/LARAVEL/shop/node_modules/sass/types/index.d.ts","/home/ali/Projects/LARAVEL/shop/node_modules/vite/dist/node/index.d.ts"],"unresolvedImports":[],"kind":"action::set"}
[17:53:06.207] Response has been sent.
[17:58:32.484] sysLog:: onTimerToUpdateChildWatches:: 2
[17:58:32.486] sysLog:: invokingWatchers:: Elapsed:: 1.2197039999300614ms:: 0
[17:58:32.486] DirectoryWatcher:: Triggered with /home/ali/Projects/LARAVEL/shop/node_modules/esbuild-android-arm64 0:: WatchInfo: /home/ali/Projects/LARAVEL/shop/node_modules 1 undefined Project: /dev/null/inferredProject1* watcher already invoked: false
[17:58:32.486] Elapsed:: 0.010559999966062605ms DirectoryWatcher:: Triggered with /home/ali/Projects/LARAVEL/shop/node_modules/esbuild-android-arm64 0:: WatchInfo: /home/ali/Projects/LARAVEL/shop/node_modules 1 undefined Project: /dev/null/inferredProject1* watcher already invoked: false
[17:58:32.486] DirectoryWatcher:: Triggered with /home/ali/Projects/LARAVEL/shop/node_modules/esbuild-darwin-64 1:: WatchInfo: /home/ali/Projects/LARAVEL/shop/node_modules 1 undefined Project: /dev/null/inferredProject1* watcher already invoked: false
[17:58:32.486] Elapsed:: 0.007023000041954219ms DirectoryWatcher:: Triggered with /home/ali/Projects/LARAVEL/shop/node_modules/esbuild-darwin-64 1:: WatchInfo: /home/ali/Projects/LARAVEL/shop/node_modules 1 undefined Project: /dev/null/inferredProject1* watcher already invoked: false
[17:58:32.486] DirectoryWatcher:: Triggered with /home/ali/Projects/LARAVEL/shop/node_modules/esbuild-darwin-arm64 2:: WatchInfo: /home/ali/Projects/LARAVEL/shop/node_modules 1 undefined Project: /dev/null/inferredProject1* watcher already invoked: false
[17:58:32.486] Elapsed:: 0.006943000014871359ms DirectoryWatcher:: Triggered with /home/ali/Projects/LARAVEL/shop/node_modules/esbuild-darwin-arm64 2:: WatchInfo: /home/ali/Projects/LARAVEL/shop/node_modules 1 undefined Project: /dev/null/inferredProject1* watcher already invoked: false
[17:58:32.486] DirectoryWatcher:: Triggered with /home/ali/Projects/LARAVEL/shop/node_modules/esbuild-freebsd-64 3:: WatchInfo: /home/ali/Projects/LARAVEL/shop/node_modules 1 undefined Project: /dev/null/inferredProject1* watcher already invoked: false
[17:58:32.486] Elapsed:: 0.02224199997726828ms DirectoryWatcher:: Triggered with /home/ali/Projects/LARAVEL/shop/node_modules/esbuild-freebsd-64 3:: WatchInfo: /home/ali/Projects/LARAVEL/shop/node_modules 1 undefined Project: /dev/null/inferredProject1* watcher already invoked: false
[17:58:32.486] DirectoryWatcher:: Triggered with /home/ali/Projects/LARAVEL/shop/node_modules/esbuild-freebsd-arm64 4:: WatchInfo: /home/ali/Projects/LARAVEL/shop/node_modules 1 undefined Project: /dev/null/inferredProject1* watcher already invoked: false
[17:58:32.486] Elapsed:: 0.006452000001445413ms DirectoryWatcher:: Triggered with /home/ali/Projects/LARAVEL/shop/node_modules/esbuild-freebsd-arm64 4:: WatchInfo: /home/ali/Projects/LARAVEL/shop/node_modules 1 undefined Project: /dev/null/inferredProject1* watcher already invoked: false
[17:58:32.486] DirectoryWatcher:: Triggered with /home/ali/Projects/LARAVEL/shop/node_modules/esbuild-linux-32 5:: WatchInfo: /home/ali/Projects/LARAVEL/shop/node_modules 1 undefined Project: /dev/null/inferredProject1* watcher already invoked: false
[17:58:32.486] Elapsed:: 0.005550000001676381ms DirectoryWatcher:: Triggered with /home/ali/Projects/LARAVEL/shop/node_modules/esbuild-linux-32 5:: WatchInfo: /home/ali/Projects/LARAVEL/shop/node_modules 1 undefined Project: /dev/null/inferredProject1* watcher already invoked: false
[17:58:32.487] DirectoryWatcher:: Triggered with /home/ali/Projects/LARAVEL/shop/node_modules/esbuild-linux-arm 6:: WatchInfo: /home/ali/Projects/LARAVEL/shop/node_modules 1 undefined Project: /dev/null/inferredProject1* watcher already invoked: false
[17:58:32.487] Elapsed:: 0.01701200008392334ms DirectoryWatcher:: Triggered with /home/ali/Projects/LARAVEL/shop/node_modules/esbuild-linux-arm 6:: WatchInfo: /home/ali/Projects/LARAVEL/shop/node_modules 1 undefined Project: /dev/null/inferredProject1* watcher already invoked: false
[17:58:32.487] DirectoryWatcher:: Triggered with /home/ali/Projects/LARAVEL/shop/node_modules/esbuild-linux-arm64 7:: WatchInfo: /home/ali/Projects/LARAVEL/shop/node_modules 1 undefined Project: /dev/null/inferredProject1* watcher already invoked: false
[17:58:32.487] Elapsed:: 0.008375999983400106ms DirectoryWatcher:: Triggered with /home/ali/Projects/LARAVEL/shop/node_modules/esbuild-linux-arm64 7:: WatchInfo: /home/ali/Projects/LARAVEL/shop/node_modules 1 undefined Project: /dev/null/inferredProject1* watcher already invoked: false
[17:58:32.487] DirectoryWatcher:: Triggered with /home/ali/Projects/LARAVEL/shop/node_modules/esbuild-linux-mips64le 8:: WatchInfo: /home/ali/Projects/LARAVEL/shop/node_modules 1 undefined Project: /dev/null/inferredProject1* watcher already invoked: false
[17:58:32.487] Elapsed:: 0.0074640000239014626ms DirectoryWatcher:: Triggered with /home/ali/Projects/LARAVEL/shop/node_modules/esbuild-linux-mips64le 8:: WatchInfo: /home/ali/Projects/LARAVEL/shop/node_modules 1 undefined Project: /dev/null/inferredProject1* watcher already invoked: false
[17:58:32.487] DirectoryWatcher:: Triggered with /home/ali/Projects/LARAVEL/shop/node_modules/esbuild-linux-ppc64le 9:: WatchInfo: /home/ali/Projects/LARAVEL/shop/node_modules 1 undefined Project: /dev/null/inferredProject1* watcher already invoked: false
[17:58:32.487] Elapsed:: 0.007393999956548214ms DirectoryWatcher:: Triggered with /home/ali/Projects/LARAVEL/shop/node_modules/esbuild-linux-ppc64le 9:: WatchInfo: /home/ali/Projects/LARAVEL/shop/node_modules 1 undefined Project: /dev/null/inferredProject1* watcher already invoked: false
[17:58:32.487] DirectoryWatcher:: Triggered with /home/ali/Projects/LARAVEL/shop/node_modules/esbuild-linux-riscv64 10:: WatchInfo: /home/ali/Projects/LARAVEL/shop/node_modules 1 undefined Project: /dev/null/inferredProject1* watcher already invoked: false
[17:58:32.487] Elapsed:: 0.006994000053964555ms DirectoryWatcher:: Triggered with /home/ali/Projects/LARAVEL/shop/node_modules/esbuild-linux-riscv64 10:: WatchInfo: /home/ali/Projects/LARAVEL/shop/node_modules 1 undefined Project: /dev/null/inferredProject1* watcher already invoked: false
[17:58:32.487] DirectoryWatcher:: Triggered with /home/ali/Projects/LARAVEL/shop/node_modules/esbuild-linux-s390x 11:: WatchInfo: /home/ali/Projects/LARAVEL/shop/node_modules 1 undefined Project: /dev/null/inferredProject1* watcher already invoked: false
[17:58:32.487] Elapsed:: 0.004407999920658767ms DirectoryWatcher:: Triggered with /home/ali/Projects/LARAVEL/shop/node_modules/esbuild-linux-s390x 11:: WatchInfo: /home/ali/Projects/LARAVEL/shop/node_modules 1 undefined Project: /dev/null/inferredProject1* watcher already invoked: false
[17:58:32.487] DirectoryWatcher:: Triggered with /home/ali/Projects/LARAVEL/shop/node_modules/esbuild-netbsd-64 12:: WatchInfo: /home/ali/Projects/LARAVEL/shop/node_modules 1 undefined Project: /dev/null/inferredProject1* watcher already invoked: false
[17:58:32.487] Elapsed:: 0.004628999973647296ms DirectoryWatcher:: Triggered with /home/ali/Projects/LARAVEL/shop/node_modules/esbuild-netbsd-64 12:: WatchInfo: /home/ali/Projects/LARAVEL/shop/node_modules 1 undefined Project: /dev/null/inferredProject1* watcher already invoked: false
[17:58:32.487] DirectoryWatcher:: Triggered with /home/ali/Projects/LARAVEL/shop/node_modules/esbuild-openbsd-64 13:: WatchInfo: /home/ali/Projects/LARAVEL/shop/node_modules 1 undefined Project: /dev/null/inferredProject1* watcher already invoked: false
[17:58:32.487] Elapsed:: 0.004989000037312508ms DirectoryWatcher:: Triggered with /home/ali/Projects/LARAVEL/shop/node_modules/esbuild-openbsd-64 13:: WatchInfo: /home/ali/Projects/LARAVEL/shop/node_modules 1 undefined Project: /dev/null/inferredProject1* watcher already invoked: false
[17:58:32.487] DirectoryWatcher:: Triggered with /home/ali/Projects/LARAVEL/shop/node_modules/esbuild-sunos-64 14:: WatchInfo: /home/ali/Projects/LARAVEL/shop/node_modules 1 undefined Project: /dev/null/inferredProject1* watcher already invoked: false
[17:58:32.488] Elapsed:: 0.010680000064894557ms DirectoryWatcher:: Triggered with /home/ali/Projects/LARAVEL/shop/node_modules/esbuild-sunos-64 14:: WatchInfo: /home/ali/Projects/LARAVEL/shop/node_modules 1 undefined Project: /dev/null/inferredProject1* watcher already invoked: false
[17:58:32.488] DirectoryWatcher:: Triggered with /home/ali/Projects/LARAVEL/shop/node_modules/esbuild-windows-32 15:: WatchInfo: /home/ali/Projects/LARAVEL/shop/node_modules 1 undefined Project: /dev/null/inferredProject1* watcher already invoked: false
[17:58:32.488] Elapsed:: 0.005048999912105501ms DirectoryWatcher:: Triggered with /home/ali/Projects/LARAVEL/shop/node_modules/esbuild-windows-32 15:: WatchInfo: /home/ali/Projects/LARAVEL/shop/node_modules 1 undefined Project: /dev/null/inferredProject1* watcher already invoked: false
[17:58:32.488] DirectoryWatcher:: Triggered with /home/ali/Projects/LARAVEL/shop/node_modules/esbuild-windows-64 16:: WatchInfo: /home/ali/Projects/LARAVEL/shop/node_modules 1 undefined Project: /dev/null/inferredProject1* watcher already invoked: false
[17:58:32.488] Elapsed:: 0.004688999964855611ms DirectoryWatcher:: Triggered with /home/ali/Projects/LARAVEL/shop/node_modules/esbuild-windows-64 16:: WatchInfo: /home/ali/Projects/LARAVEL/shop/node_modules 1 undefined Project: /dev/null/inferredProject1* watcher already invoked: false
[17:58:32.488] DirectoryWatcher:: Triggered with /home/ali/Projects/LARAVEL/shop/node_modules/esbuild-windows-arm64 17:: WatchInfo: /home/ali/Projects/LARAVEL/shop/node_modules 1 undefined Project: /dev/null/inferredProject1* watcher already invoked: false
[17:58:32.488] Elapsed:: 0.005009000073187053ms DirectoryWatcher:: Triggered with /home/ali/Projects/LARAVEL/shop/node_modules/esbuild-windows-arm64 17:: WatchInfo: /home/ali/Projects/LARAVEL/shop/node_modules 1 undefined Project: /dev/null/inferredProject1* watcher already invoked: false
[17:58:32.488] DirectoryWatcher:: Triggered with /home/ali/Projects/LARAVEL/shop/node_modules/fsevents 18:: WatchInfo: /home/ali/Projects/LARAVEL/shop/node_modules 1 undefined Project: /dev/null/inferredProject1* watcher already invoked: false
[17:58:32.488] Elapsed:: 0.004628999973647296ms DirectoryWatcher:: Triggered with /home/ali/Projects/LARAVEL/shop/node_modules/fsevents 18:: WatchInfo: /home/ali/Projects/LARAVEL/shop/node_modules 1 undefined Project: /dev/null/inferredProject1* watcher already invoked: false
[17:58:32.488] DirectoryWatcher:: Triggered with /home/ali/Projects/LARAVEL/shop/node_modules/esbuild-android-64 19:: WatchInfo: /home/ali/Projects/LARAVEL/shop/node_modules 1 undefined Project: /dev/null/inferredProject1* watcher already invoked: false
[17:58:32.488] Elapsed:: 0.004458000068552792ms DirectoryWatcher:: Triggered with /home/ali/Projects/LARAVEL/shop/node_modules/esbuild-android-64 19:: WatchInfo: /home/ali/Projects/LARAVEL/shop/node_modules 1 undefined Project: /dev/null/inferredProject1* watcher already invoked: false
[17:58:32.488] DirectoryWatcher:: Triggered with /home/ali/Projects/LARAVEL/shop/node_modules/fsevents 20:: WatchInfo: /home/ali/Projects/LARAVEL/shop/node_modules 1 undefined Project: /dev/null/inferredProject1* watcher already invoked: false
[17:58:32.488] Elapsed:: 0.004789000027813017ms DirectoryWatcher:: Triggered with /home/ali/Projects/LARAVEL/shop/node_modules/fsevents 20:: WatchInfo: /home/ali/Projects/LARAVEL/shop/node_modules 1 undefined Project: /dev/null/inferredProject1* watcher already invoked: false
[17:58:32.488] DirectoryWatcher:: Triggered with /home/ali/Projects/LARAVEL/shop/node_modules/esbuild-windows-arm64 21:: WatchInfo: /home/ali/Projects/LARAVEL/shop/node_modules 1 undefined Project: /dev/null/inferredProject1* watcher already invoked: false
[17:58:32.488] Elapsed:: 0.004900000058114529ms DirectoryWatcher:: Triggered with /home/ali/Projects/LARAVEL/shop/node_modules/esbuild-windows-arm64 21:: WatchInfo: /home/ali/Projects/LARAVEL/shop/node_modules 1 undefined Project: /dev/null/inferredProject1* watcher already invoked: false
[17:58:32.488] DirectoryWatcher:: Triggered with /home/ali/Projects/LARAVEL/shop/node_modules/esbuild-windows-64 22:: WatchInfo: /home/ali/Projects/LARAVEL/shop/node_modules 1 undefined Project: /dev/null/inferredProject1* watcher already invoked: false
[17:58:32.488] Elapsed:: 0.004589000018313527ms DirectoryWatcher:: Triggered with /home/ali/Projects/LARAVEL/shop/node_modules/esbuild-windows-64 22:: WatchInfo: /home/ali/Projects/LARAVEL/shop/node_modules 1 undefined Project: /dev/null/inferredProject1* watcher already invoked: false
[17:58:32.488] DirectoryWatcher:: Triggered with /home/ali/Projects/LARAVEL/shop/node_modules/esbuild-windows-32 23:: WatchInfo: /home/ali/Projects/LARAVEL/shop/node_modules 1 undefined Project: /dev/null/inferredProject1* watcher already invoked: false
[17:58:32.488] Elapsed:: 0.007074000081047416ms DirectoryWatcher:: Triggered with /home/ali/Projects/LARAVEL/shop/node_modules/esbuild-windows-32 23:: WatchInfo: /home/ali/Projects/LARAVEL/shop/node_modules 1 undefined Project: /dev/null/inferredProject1* watcher already invoked: false
[17:58:32.488] DirectoryWatcher:: Triggered with /home/ali/Projects/LARAVEL/shop/node_modules/esbuild-sunos-64 24:: WatchInfo: /home/ali/Projects/LARAVEL/shop/node_modules 1 undefined Project: /dev/null/inferredProject1* watcher already invoked: false
[17:58:32.488] Elapsed:: 0.0070729999570176005ms DirectoryWatcher:: Triggered with /home/ali/Projects/LARAVEL/shop/node_modules/esbuild-sunos-64 24:: WatchInfo: /home/ali/Projects/LARAVEL/shop/node_modules 1 undefined Project: /dev/null/inferredProject1* watcher already invoked: false
[17:58:32.488] DirectoryWatcher:: Triggered with /home/ali/Projects/LARAVEL/shop/node_modules/esbuild-openbsd-64 25:: WatchInfo: /home/ali/Projects/LARAVEL/shop/node_modules 1 undefined Project: /dev/null/inferredProject1* watcher already invoked: false
[17:58:32.488] Elapsed:: 0.00687299994751811ms DirectoryWatcher:: Triggered with /home/ali/Projects/LARAVEL/shop/node_modules/esbuild-openbsd-64 25:: WatchInfo: /home/ali/Projects/LARAVEL/shop/node_modules 1 undefined Project: /dev/null/inferredProject1* watcher already invoked: false
[17:58:32.488] DirectoryWatcher:: Triggered with /home/ali/Projects/LARAVEL/shop/node_modules/esbuild-netbsd-64 26:: WatchInfo: /home/ali/Projects/LARAVEL/shop/node_modules 1 undefined Project: /dev/null/inferredProject1* watcher already invoked: false
[17:58:32.488] Elapsed:: 0.006873000063933432ms DirectoryWatcher:: Triggered with /home/ali/Projects/LARAVEL/shop/node_modules/esbuild-netbsd-64 26:: WatchInfo: /home/ali/Projects/LARAVEL/shop/node_modules 1 undefined Project: /dev/null/inferredProject1* watcher already invoked: false
[17:58:32.488] DirectoryWatcher:: Triggered with /home/ali/Projects/LARAVEL/shop/node_modules/esbuild-linux-s390x 27:: WatchInfo: /home/ali/Projects/LARAVEL/shop/node_modules 1 undefined Project: /dev/null/inferredProject1* watcher already invoked: false
[17:58:32.488] Elapsed:: 0.007173000019975007ms DirectoryWatcher:: Triggered with /home/ali/Projects/LARAVEL/shop/node_modules/esbuild-linux-s390x 27:: WatchInfo: /home/ali/Projects/LARAVEL/shop/node_modules 1 undefined Project: /dev/null/inferredProject1* watcher already invoked: false
[17:58:32.488] DirectoryWatcher:: Triggered with /home/ali/Projects/LARAVEL/shop/node_modules/esbuild-linux-riscv64 28:: WatchInfo: /home/ali/Projects/LARAVEL/shop/node_modules 1 undefined Project: /dev/null/inferredProject1* watcher already invoked: false
[17:58:32.488] Elapsed:: 0.004737999988719821ms DirectoryWatcher:: Triggered with /home/ali/Projects/LARAVEL/shop/node_modules/esbuild-linux-riscv64 28:: WatchInfo: /home/ali/Projects/LARAVEL/shop/node_modules 1 undefined Project: /dev/null/inferredProject1* watcher already invoked: false
[17:58:32.488] DirectoryWatcher:: Triggered with /home/ali/Projects/LARAVEL/shop/node_modules/esbuild-linux-ppc64le 29:: WatchInfo: /home/ali/Projects/LARAVEL/shop/node_modules 1 undefined Project: /dev/null/inferredProject1* watcher already invoked: false
[17:58:32.488] Elapsed:: 0.004318000050261617ms DirectoryWatcher:: Triggered with /home/ali/Projects/LARAVEL/shop/node_modules/esbuild-linux-ppc64le 29:: WatchInfo: /home/ali/Projects/LARAVEL/shop/node_modules 1 undefined Project: /dev/null/inferredProject1* watcher already invoked: false
[17:58:32.488] DirectoryWatcher:: Triggered with /home/ali/Projects/LARAVEL/shop/node_modules/esbuild-linux-mips64le 30:: WatchInfo: /home/ali/Projects/LARAVEL/shop/node_modules 1 undefined Project: /dev/null/inferredProject1* watcher already invoked: false
[17:58:32.488] Elapsed:: 0.004417999996803701ms DirectoryWatcher:: Triggered with /home/ali/Projects/LARAVEL/shop/node_modules/esbuild-linux-mips64le 30:: WatchInfo: /home/ali/Projects/LARAVEL/shop/node_modules 1 undefined Project: /dev/null/inferredProject1* watcher already invoked: false
[17:58:32.489] DirectoryWatcher:: Triggered with /home/ali/Projects/LARAVEL/shop/node_modules/esbuild-linux-arm64 31:: WatchInfo: /home/ali/Projects/LARAVEL/shop/node_modules 1 undefined Project: /dev/null/inferredProject1* watcher already invoked: false
[17:58:32.489] Elapsed:: 0.004869000054895878ms DirectoryWatcher:: Triggered with /home/ali/Projects/LARAVEL/shop/node_modules/esbuild-linux-arm64 31:: WatchInfo: /home/ali/Projects/LARAVEL/shop/node_modules 1 undefined Project: /dev/null/inferredProject1* watcher already invoked: false
[17:58:32.489] DirectoryWatcher:: Triggered with /home/ali/Projects/LARAVEL/shop/node_modules/esbuild-linux-arm 32:: WatchInfo: /home/ali/Projects/LARAVEL/shop/node_modules 1 undefined Project: /dev/null/inferredProject1* watcher already invoked: false
[17:58:32.489] Elapsed:: 0.004478999995626509ms DirectoryWatcher:: Triggered with /home/ali/Projects/LARAVEL/shop/node_modules/esbuild-linux-arm 32:: WatchInfo: /home/ali/Projects/LARAVEL/shop/node_modules 1 undefined Project: /dev/null/inferredProject1* watcher already invoked: false
[17:58:32.489] DirectoryWatcher:: Triggered with /home/ali/Projects/LARAVEL/shop/node_modules/esbuild-linux-32 33:: WatchInfo: /home/ali/Projects/LARAVEL/shop/node_modules 1 undefined Project: /dev/null/inferredProject1* watcher already invoked: false
[17:58:32.489] Elapsed:: 0.00437799992505461ms DirectoryWatcher:: Triggered with /home/ali/Projects/LARAVEL/shop/node_modules/esbuild-linux-32 33:: WatchInfo: /home/ali/Projects/LARAVEL/shop/node_modules 1 undefined Project: /dev/null/inferredProject1* watcher already invoked: false
[17:58:32.489] DirectoryWatcher:: Triggered with /home/ali/Projects/LARAVEL/shop/node_modules/esbuild-freebsd-arm64 34:: WatchInfo: /home/ali/Projects/LARAVEL/shop/node_modules 1 undefined Project: /dev/null/inferredProject1* watcher already invoked: false
[17:58:32.489] Elapsed:: 0.0043379999697208405ms DirectoryWatcher:: Triggered with /home/ali/Projects/LARAVEL/shop/node_modules/esbuild-freebsd-arm64 34:: WatchInfo: /home/ali/Projects/LARAVEL/shop/node_modules 1 undefined Project: /dev/null/inferredProject1* watcher already invoked: false
[17:58:32.489] DirectoryWatcher:: Triggered with /home/ali/Projects/LARAVEL/shop/node_modules/esbuild-freebsd-64 35:: WatchInfo: /home/ali/Projects/LARAVEL/shop/node_modules 1 undefined Project: /dev/null/inferredProject1* watcher already invoked: false
[17:58:32.489] Elapsed:: 0.009058000054210424ms DirectoryWatcher:: Triggered with /home/ali/Projects/LARAVEL/shop/node_modules/esbuild-freebsd-64 35:: WatchInfo: /home/ali/Projects/LARAVEL/shop/node_modules 1 undefined Project: /dev/null/inferredProject1* watcher already invoked: false
[17:58:32.489] DirectoryWatcher:: Triggered with /home/ali/Projects/LARAVEL/shop/node_modules/esbuild-darwin-arm64 36:: WatchInfo: /home/ali/Projects/LARAVEL/shop/node_modules 1 undefined Project: /dev/null/inferredProject1* watcher already invoked: false
[17:58:32.489] Elapsed:: 0.008705999935045838ms DirectoryWatcher:: Triggered with /home/ali/Projects/LARAVEL/shop/node_modules/esbuild-darwin-arm64 36:: WatchInfo: /home/ali/Projects/LARAVEL/shop/node_modules 1 undefined Project: /dev/null/inferredProject1* watcher already invoked: false
[17:58:32.489] DirectoryWatcher:: Triggered with /home/ali/Projects/LARAVEL/shop/node_modules/esbuild-darwin-64 37:: WatchInfo: /home/ali/Projects/LARAVEL/shop/node_modules 1 undefined Project: /dev/null/inferredProject1* watcher already invoked: false
[17:58:32.489] Elapsed:: 0.006171999964863062ms DirectoryWatcher:: Triggered with /home/ali/Projects/LARAVEL/shop/node_modules/esbuild-darwin-64 37:: WatchInfo: /home/ali/Projects/LARAVEL/shop/node_modules 1 undefined Project: /dev/null/inferredProject1* watcher already invoked: false
[17:58:32.489] DirectoryWatcher:: Triggered with /home/ali/Projects/LARAVEL/shop/node_modules/esbuild-android-arm64 38:: WatchInfo: /home/ali/Projects/LARAVEL/shop/node_modules 1 undefined Project: /dev/null/inferredProject1* watcher already invoked: false
[17:58:32.489] Elapsed:: 0.007724999915808439ms DirectoryWatcher:: Triggered with /home/ali/Projects/LARAVEL/shop/node_modules/esbuild-android-arm64 38:: WatchInfo: /home/ali/Projects/LARAVEL/shop/node_modules 1 undefined Project: /dev/null/inferredProject1* watcher already invoked: false
[17:58:32.489] DirectoryWatcher:: Triggered with /home/ali/Projects/LARAVEL/shop/node_modules/esbuild-android-64 39:: WatchInfo: /home/ali/Projects/LARAVEL/shop/node_modules 1 undefined Project: /dev/null/inferredProject1* watcher already invoked: false
[17:58:32.489] Elapsed:: 0.006893000099807978ms DirectoryWatcher:: Triggered with /home/ali/Projects/LARAVEL/shop/node_modules/esbuild-android-64 39:: WatchInfo: /home/ali/Projects/LARAVEL/shop/node_modules 1 undefined Project: /dev/null/inferredProject1* watcher already invoked: false
[17:58:32.489] DirectoryWatcher:: Triggered with /home/ali/Projects/LARAVEL/shop/node_modules/@esbuild/linux-loong64 40:: WatchInfo: /home/ali/Projects/LARAVEL/shop/node_modules 1 undefined Project: /dev/null/inferredProject1* watcher already invoked: false
[17:58:32.489] Elapsed:: 0.006973000010475516ms DirectoryWatcher:: Triggered with /home/ali/Projects/LARAVEL/shop/node_modules/@esbuild/linux-loong64 40:: WatchInfo: /home/ali/Projects/LARAVEL/shop/node_modules 1 undefined Project: /dev/null/inferredProject1* watcher already invoked: false
[17:58:32.489] DirectoryWatcher:: Triggered with /home/ali/Projects/LARAVEL/shop/node_modules/@esbuild/linux-loong64 41:: WatchInfo: /home/ali/Projects/LARAVEL/shop/node_modules 1 undefined Project: /dev/null/inferredProject1* watcher already invoked: false
[17:58:32.489] Elapsed:: 0.007253999938257039ms DirectoryWatcher:: Triggered with /home/ali/Projects/LARAVEL/shop/node_modules/@esbuild/linux-loong64 41:: WatchInfo: /home/ali/Projects/LARAVEL/shop/node_modules 1 undefined Project: /dev/null/inferredProject1* watcher already invoked: false
[17:58:32.489] sysLog:: Elapsed:: 4.755122999893501ms:: onTimerToUpdateChildWatches:: 0 undefined
[18:05:19.808] Got install request {"projectName":"/dev/null/inferredProject3*","fileNames":["/usr/lib/node_modules/typescript/lib/lib.es5.d.ts","/usr/lib/node_modules/typescript/lib/lib.es2015.d.ts","/usr/lib/node_modules/typescript/lib/lib.es2016.d.ts","/usr/lib/node_modules/typescript/lib/lib.dom.d.ts","/usr/lib/node_modules/typescript/lib/lib.dom.iterable.d.ts","/usr/lib/node_modules/typescript/lib/lib.webworker.importscripts.d.ts","/usr/lib/node_modules/typescript/lib/lib.scripthost.d.ts","/usr/lib/node_modules/typescript/lib/lib.es2015.core.d.ts","/usr/lib/node_modules/typescript/lib/lib.es2015.collection.d.ts","/usr/lib/node_modules/typescript/lib/lib.es2015.generator.d.ts","/usr/lib/node_modules/typescript/lib/lib.es2015.iterable.d.ts","/usr/lib/node_modules/typescript/lib/lib.es2015.promise.d.ts","/usr/lib/node_modules/typescript/lib/lib.es2015.proxy.d.ts","/usr/lib/node_modules/typescript/lib/lib.es2015.reflect.d.ts","/usr/lib/node_modules/typescript/lib/lib.es2015.symbol.d.ts","/usr/lib/node_modules/typescript/lib/lib.es2015.symbol.wellknown.d.ts","/usr/lib/node_modules/typescript/lib/lib.es2016.array.include.d.ts","/usr/lib/node_modules/typescript/lib/lib.es2016.full.d.ts","/home/ali/.cache/typescript/4.7/node_modules/@types/bootstrap/index.d.ts","/home/ali/Projects/LARAVEL/shop/resources/js/bootstrap.js"],"compilerOptions":{"module":1,"target":3,"jsx":1,"allowJs":true,"allowSyntheticDefaultImports":true,"allowNonTsExtensions":true,"noEmitForJsFiles":true,"maxNodeModuleJsDepth":2},"typeAcquisition":{"enable":true,"include":[],"exclude":[]},"unresolvedImports":[],"projectRootPath":"/home/ali/Projects/LARAVEL/shop/resources/js","kind":"discover"}
[18:05:19.808] Explicitly included types: []
[18:05:19.809] Inferred typings from file names: ["bootstrap"]
[18:05:19.809] Inferred typings from unresolved imports: []
[18:05:19.809] Result: {"cachedTypingPaths":["/home/ali/.cache/typescript/4.7/node_modules/@types/bootstrap/index.d.ts"],"newTypingNames":[],"filesToWatch":["/home/ali/Projects/LARAVEL/shop/resources/js/bower_components","/home/ali/Projects/LARAVEL/shop/resources/js/node_modules"]}
[18:05:19.809] Finished typings discovery: {"cachedTypingPaths":["/home/ali/.cache/typescript/4.7/node_modules/@types/bootstrap/index.d.ts"],"newTypingNames":[],"filesToWatch":["/home/ali/Projects/LARAVEL/shop/resources/js/bower_components","/home/ali/Projects/LARAVEL/shop/resources/js/node_modules"]}
[18:05:19.809] Sending response:
    {"projectName":"/dev/null/inferredProject3*","typeAcquisition":{"enable":true,"include":[],"exclude":[]},"compilerOptions":{"module":1,"target":3,"jsx":1,"allowJs":true,"allowSyntheticDefaultImports":true,"allowNonTsExtensions":true,"noEmitForJsFiles":true,"maxNodeModuleJsDepth":2},"typings":["/home/ali/.cache/typescript/4.7/node_modules/@types/bootstrap/index.d.ts"],"unresolvedImports":[],"kind":"action::set"}
[18:05:19.809] Response has been sent.
[18:05:19.809] No new typings were requested as a result of typings discovery
[19:30:48.995] Got install request {"projectName":"/dev/null/inferredProject4*","fileNames":["/usr/lib/node_modules/typescript/lib/lib.es5.d.ts","/usr/lib/node_modules/typescript/lib/lib.es2015.d.ts","/usr/lib/node_modules/typescript/lib/lib.es2016.d.ts","/usr/lib/node_modules/typescript/lib/lib.dom.d.ts","/usr/lib/node_modules/typescript/lib/lib.dom.iterable.d.ts","/usr/lib/node_modules/typescript/lib/lib.webworker.importscripts.d.ts","/usr/lib/node_modules/typescript/lib/lib.scripthost.d.ts","/usr/lib/node_modules/typescript/lib/lib.es2015.core.d.ts","/usr/lib/node_modules/typescript/lib/lib.es2015.collection.d.ts","/usr/lib/node_modules/typescript/lib/lib.es2015.generator.d.ts","/usr/lib/node_modules/typescript/lib/lib.es2015.iterable.d.ts","/usr/lib/node_modules/typescript/lib/lib.es2015.promise.d.ts","/usr/lib/node_modules/typescript/lib/lib.es2015.proxy.d.ts","/usr/lib/node_modules/typescript/lib/lib.es2015.reflect.d.ts","/usr/lib/node_modules/typescript/lib/lib.es2015.symbol.d.ts","/usr/lib/node_modules/typescript/lib/lib.es2015.symbol.wellknown.d.ts","/usr/lib/node_modules/typescript/lib/lib.es2016.array.include.d.ts","/usr/lib/node_modules/typescript/lib/lib.es2016.full.d.ts","/home/ali/Projects/LARAVEL/shop/resources/js/bootstrap.js","/home/ali/Projects/LARAVEL/shop/resources/js/app.js"],"compilerOptions":{"module":1,"target":3,"jsx":1,"allowJs":true,"allowSyntheticDefaultImports":true,"allowNonTsExtensions":true,"noEmitForJsFiles":true,"maxNodeModuleJsDepth":2},"typeAcquisition":{"enable":true,"include":[],"exclude":[]},"unresolvedImports":[],"projectRootPath":"/home/ali/Projects/LARAVEL/shop/resources/js","kind":"discover"}
[19:30:48.995] Explicitly included types: []
[19:30:48.995] Inferred typings from file names: ["bootstrap"]
[19:30:48.996] Inferred typings from unresolved imports: []
[19:30:48.996] Result: {"cachedTypingPaths":["/home/ali/.cache/typescript/4.7/node_modules/@types/bootstrap/index.d.ts"],"newTypingNames":[],"filesToWatch":["/home/ali/Projects/LARAVEL/shop/resources/js/bower_components","/home/ali/Projects/LARAVEL/shop/resources/js/node_modules"]}
[19:30:48.996] Finished typings discovery: {"cachedTypingPaths":["/home/ali/.cache/typescript/4.7/node_modules/@types/bootstrap/index.d.ts"],"newTypingNames":[],"filesToWatch":["/home/ali/Projects/LARAVEL/shop/resources/js/bower_components","/home/ali/Projects/LARAVEL/shop/resources/js/node_modules"]}
[19:30:48.997] DirectoryWatcher:: Added:: WatchInfo: /home/ali/Projects/LARAVEL/shop/resources/js/bower_components
[19:30:48.997] DirectoryWatcher:: Added:: WatchInfo: /home/ali/Projects/LARAVEL/shop/resources/js/bower_components 1 undefined Project: /dev/null/inferredProject4* watcher already invoked: false
[19:30:48.997] Elapsed:: 0.10109000001102686ms DirectoryWatcher:: Added:: WatchInfo: /home/ali/Projects/LARAVEL/shop/resources/js/bower_components 1 undefined Project: /dev/null/inferredProject4* watcher already invoked: false
[19:30:48.997] DirectoryWatcher:: Added:: WatchInfo: /home/ali/Projects/LARAVEL/shop/resources/js/node_modules
[19:30:48.997] DirectoryWatcher:: Added:: WatchInfo: /home/ali/Projects/LARAVEL/shop/resources/js/node_modules 1 undefined Project: /dev/null/inferredProject4* watcher already invoked: false
[19:30:48.997] Elapsed:: 0.04003500007092953ms DirectoryWatcher:: Added:: WatchInfo: /home/ali/Projects/LARAVEL/shop/resources/js/node_modules 1 undefined Project: /dev/null/inferredProject4* watcher already invoked: false
[19:30:48.998] Sending response:
    {"projectName":"/dev/null/inferredProject4*","typeAcquisition":{"enable":true,"include":[],"exclude":[]},"compilerOptions":{"module":1,"target":3,"jsx":1,"allowJs":true,"allowSyntheticDefaultImports":true,"allowNonTsExtensions":true,"noEmitForJsFiles":true,"maxNodeModuleJsDepth":2},"typings":["/home/ali/.cache/typescript/4.7/node_modules/@types/bootstrap/index.d.ts"],"unresolvedImports":[],"kind":"action::set"}
[19:30:48.998] Response has been sent.
[19:30:48.998] No new typings were requested as a result of typings discovery
[19:31:03.266] Got install request {"projectName":"/dev/null/inferredProject5*","fileNames":["/usr/lib/node_modules/typescript/lib/lib.es5.d.ts","/usr/lib/node_modules/typescript/lib/lib.es2015.d.ts","/usr/lib/node_modules/typescript/lib/lib.es2016.d.ts","/usr/lib/node_modules/typescript/lib/lib.dom.d.ts","/usr/lib/node_modules/typescript/lib/lib.dom.iterable.d.ts","/usr/lib/node_modules/typescript/lib/lib.webworker.importscripts.d.ts","/usr/lib/node_modules/typescript/lib/lib.scripthost.d.ts","/usr/lib/node_modules/typescript/lib/lib.es2015.core.d.ts","/usr/lib/node_modules/typescript/lib/lib.es2015.collection.d.ts","/usr/lib/node_modules/typescript/lib/lib.es2015.generator.d.ts","/usr/lib/node_modules/typescript/lib/lib.es2015.iterable.d.ts","/usr/lib/node_modules/typescript/lib/lib.es2015.promise.d.ts","/usr/lib/node_modules/typescript/lib/lib.es2015.proxy.d.ts","/usr/lib/node_modules/typescript/lib/lib.es2015.reflect.d.ts","/usr/lib/node_modules/typescript/lib/lib.es2015.symbol.d.ts","/usr/lib/node_modules/typescript/lib/lib.es2015.symbol.wellknown.d.ts","/usr/lib/node_modules/typescript/lib/lib.es2016.array.include.d.ts","/usr/lib/node_modules/typescript/lib/lib.es2016.full.d.ts","/home/ali/Projects/LARAVEL/shop/resources/js/admin.js"],"compilerOptions":{"module":1,"target":3,"jsx":1,"allowJs":true,"allowSyntheticDefaultImports":true,"allowNonTsExtensions":true,"noEmitForJsFiles":true,"maxNodeModuleJsDepth":2},"typeAcquisition":{"enable":true,"include":[],"exclude":[]},"unresolvedImports":[],"projectRootPath":"/home/ali/Projects/LARAVEL/shop/resources/js","kind":"discover"}
[19:31:03.266] Explicitly included types: []
[19:31:03.266] Inferred typings from unresolved imports: []
[19:31:03.266] Result: {"cachedTypingPaths":[],"newTypingNames":[],"filesToWatch":["/home/ali/Projects/LARAVEL/shop/resources/js/bower_components","/home/ali/Projects/LARAVEL/shop/resources/js/node_modules"]}
[19:31:03.267] Finished typings discovery: {"cachedTypingPaths":[],"newTypingNames":[],"filesToWatch":["/home/ali/Projects/LARAVEL/shop/resources/js/bower_components","/home/ali/Projects/LARAVEL/shop/resources/js/node_modules"]}
[19:31:03.267] DirectoryWatcher:: Added:: WatchInfo: /home/ali/Projects/LARAVEL/shop/resources/js/bower_components
[19:31:03.267] DirectoryWatcher:: Added:: WatchInfo: /home/ali/Projects/LARAVEL/shop/resources/js/bower_components 1 undefined Project: /dev/null/inferredProject5* watcher already invoked: false
[19:31:03.267] Elapsed:: 0.06352999992668629ms DirectoryWatcher:: Added:: WatchInfo: /home/ali/Projects/LARAVEL/shop/resources/js/bower_components 1 undefined Project: /dev/null/inferredProject5* watcher already invoked: false
[19:31:03.267] DirectoryWatcher:: Added:: WatchInfo: /home/ali/Projects/LARAVEL/shop/resources/js/node_modules
[19:31:03.267] DirectoryWatcher:: Added:: WatchInfo: /home/ali/Projects/LARAVEL/shop/resources/js/node_modules 1 undefined Project: /dev/null/inferredProject5* watcher already invoked: false
[19:31:03.268] Elapsed:: 0.0252470001578331ms DirectoryWatcher:: Added:: WatchInfo: /home/ali/Projects/LARAVEL/shop/resources/js/node_modules 1 undefined Project: /dev/null/inferredProject5* watcher already invoked: false
[19:31:03.268] Sending response:
    {"projectName":"/dev/null/inferredProject5*","typeAcquisition":{"enable":true,"include":[],"exclude":[]},"compilerOptions":{"module":1,"target":3,"jsx":1,"allowJs":true,"allowSyntheticDefaultImports":true,"allowNonTsExtensions":true,"noEmitForJsFiles":true,"maxNodeModuleJsDepth":2},"typings":[],"unresolvedImports":[],"kind":"action::set"}
[19:31:03.268] Response has been sent.
[19:31:03.268] No new typings were requested as a result of typings discovery
[19:31:05.247] Got install request {"projectName":"/dev/null/inferredProject5*","fileNames":["/usr/lib/node_modules/typescript/lib/lib.es5.d.ts","/usr/lib/node_modules/typescript/lib/lib.es2015.d.ts","/usr/lib/node_modules/typescript/lib/lib.es2016.d.ts","/usr/lib/node_modules/typescript/lib/lib.dom.d.ts","/usr/lib/node_modules/typescript/lib/lib.dom.iterable.d.ts","/usr/lib/node_modules/typescript/lib/lib.webworker.importscripts.d.ts","/usr/lib/node_modules/typescript/lib/lib.scripthost.d.ts","/usr/lib/node_modules/typescript/lib/lib.es2015.core.d.ts","/usr/lib/node_modules/typescript/lib/lib.es2015.collection.d.ts","/usr/lib/node_modules/typescript/lib/lib.es2015.generator.d.ts","/usr/lib/node_modules/typescript/lib/lib.es2015.iterable.d.ts","/usr/lib/node_modules/typescript/lib/lib.es2015.promise.d.ts","/usr/lib/node_modules/typescript/lib/lib.es2015.proxy.d.ts","/usr/lib/node_modules/typescript/lib/lib.es2015.reflect.d.ts","/usr/lib/node_modules/typescript/lib/lib.es2015.symbol.d.ts","/usr/lib/node_modules/typescript/lib/lib.es2015.symbol.wellknown.d.ts","/usr/lib/node_modules/typescript/lib/lib.es2016.array.include.d.ts","/usr/lib/node_modules/typescript/lib/lib.es2016.full.d.ts","/home/ali/Projects/LARAVEL/shop/resources/js/bootstrap.js","/home/ali/Projects/LARAVEL/shop/resources/js/admin.js"],"compilerOptions":{"module":1,"target":3,"jsx":1,"allowJs":true,"allowSyntheticDefaultImports":true,"allowNonTsExtensions":true,"noEmitForJsFiles":true,"maxNodeModuleJsDepth":2},"typeAcquisition":{"enable":true,"include":[],"exclude":[]},"unresolvedImports":[],"projectRootPath":"/home/ali/Projects/LARAVEL/shop/resources/js","kind":"discover"}
[19:31:05.247] Explicitly included types: []
[19:31:05.247] Inferred typings from file names: ["bootstrap"]
[19:31:05.248] Inferred typings from unresolved imports: []
[19:31:05.248] Result: {"cachedTypingPaths":["/home/ali/.cache/typescript/4.7/node_modules/@types/bootstrap/index.d.ts"],"newTypingNames":[],"filesToWatch":["/home/ali/Projects/LARAVEL/shop/resources/js/bower_components","/home/ali/Projects/LARAVEL/shop/resources/js/node_modules"]}
[19:31:05.248] Finished typings discovery: {"cachedTypingPaths":["/home/ali/.cache/typescript/4.7/node_modules/@types/bootstrap/index.d.ts"],"newTypingNames":[],"filesToWatch":["/home/ali/Projects/LARAVEL/shop/resources/js/bower_components","/home/ali/Projects/LARAVEL/shop/resources/js/node_modules"]}
[19:31:05.248] Sending response:
    {"projectName":"/dev/null/inferredProject5*","typeAcquisition":{"enable":true,"include":[],"exclude":[]},"compilerOptions":{"module":1,"target":3,"jsx":1,"allowJs":true,"allowSyntheticDefaultImports":true,"allowNonTsExtensions":true,"noEmitForJsFiles":true,"maxNodeModuleJsDepth":2},"typings":["/home/ali/.cache/typescript/4.7/node_modules/@types/bootstrap/index.d.ts"],"unresolvedImports":[],"kind":"action::set"}
[19:31:05.248] Response has been sent.
[19:31:05.248] No new typings were requested as a result of typings discovery
