[22:04:20.401] Global cache location '/home/ali/.cache/typescript/4.7', safe file path '/usr/lib/node_modules/typescript/lib/typingSafeList.json', types map path /usr/lib/node_modules/typescript/lib/typesMap.json
[22:04:20.403] Processing cache location '/home/ali/.cache/typescript/4.7'
[22:04:20.403] Trying to find '/home/ali/.cache/typescript/4.7/package.json'...
[22:04:20.409] Loaded content of '/home/ali/.cache/typescript/4.7/package.json': {"private":true,"dependencies":{"types-registry":"^0.1.604"},"devDependencies":{"@types/alpinejs":"^3.7.0","@types/app-root-path":"^1.2.4","@types/basic-auth":"^1.1.3","@types/bcrypt":"^5.0.0","@types/body-parser":"^1.19.2","@types/bootstrap":"^5.2.1","@types/braces":"^3.0.1","@types/busboy":"^1.5.0","@types/bytes":"^3.1.1","@types/camelcase-css":"^2.0.0","@types/caniuse-lite":"^1.0.1","@types/color":"^3.0.3","@types/color-name":"^1.1.1","@types/concat-stream":"^2.0.0","@types/content-type":"^1.1.5","@types/cookie":"^0.5.1","@types/cookie-parser":"^1.4.3","@types/cookie-signature":"^1.0.4","@types/cors":"^2.8.12","@types/cssesc":"^3.0.0","@types/debug":"^4.1.7","@types/defined":"^1.0.0","@types/depd":"^1.1.32","@types/detective":"^5.1.3","@types/didyoumean":"^1.2.0","@types/dlv":"^1.1.2","@types/ee-first":"^1.1.0","@types/express":"^4.17.13","@types/express-session":"^1.17.5","@types/fill-range":"^7.0.0","@types/function-bind":"^1.1.7","@types/glob-parent":"^5.1.1","@types/got":"^9.6.12","@types/has":"^1.0.0","@types/http-errors":"^1.8.2","@types/is-core-module":"^2.2.0","@types/is-glob":"^4.0.2","@types/is-number":"^7.0.3","@types/jsonwebtoken":"^8.5.8","@types/lodash":"^4.14.182","@types/merge-descriptors":"^1.0.1","@types/merge2":"^1.3.1","@types/method-override":"^0.0.32","@types/methods":"^1.1.1","@types/micromatch":"^4.0.2","@types/minimist":"^1.2.2","@types/mkdirp":"^1.0.2","@types/morgan":"^1.9.3","@types/multer":"^1.4.7","@types/nodemon":"^1.19.2","@types/nopt":"^3.0.29","@types/normalize-path":"^3.0.0","@types/npmlog":"^4.1.4","@types/object-assign":"^4.0.30","@types/object-hash":"^2.2.1","@types/on-finished":"^2.3.1","@types/on-headers":"^1.0.0","@types/parseurl":"^1.3.1","@types/passport":"^1.0.9","@types/passport-local":"^1.0.34","@types/passport-strategy":"^0.2.35","@types/path-parse":"^1.0.19","@types/pause":"^0.1.0","@types/picomatch":"^2.3.0","@types/pify":"^5.0.1","@types/postcss-import":"^14.0.0","@types/postcss-js":"^4.0.0","@types/pug":"^2.0.6","@types/qs":"^6.9.7","@types/random-bytes":"^1.0.1","@types/react":"^18.0.15","@types/resolve":"^1.20.2","@types/run-parallel":"^1.1.0","@types/sass":"^1.43.1","@types/sequelize":"^4.28.14","@types/serve-static":"^1.13.10","@types/sharp":"^0.30.4","@types/sqlite3":"^3.1.8","@types/to-regex-range":"^5.0.0","@types/type-is":"^1.6.3","@types/uid-safe":"^2.1.2","@types/util-deprecate":"^1.0.0","@types/uuid":"^8.3.4","@types/vary":"^1.1.0","@types/xtend":"^4.0.4","@types/yup":"^0.29.14"}}
[22:04:20.409] Loaded content of '/home/ali/.cache/typescript/4.7/package-lock.json'
[22:04:20.432] Adding entry into typings cache: 'alpinejs' => '/home/ali/.cache/typescript/4.7/node_modules/@types/alpinejs/index.d.ts'
[22:04:20.438] Adding entry into typings cache: 'app-root-path' => '/home/ali/.cache/typescript/4.7/node_modules/@types/app-root-path/index.d.ts'
[22:04:20.445] Adding entry into typings cache: 'basic-auth' => '/home/ali/.cache/typescript/4.7/node_modules/@types/basic-auth/index.d.ts'
[22:04:20.450] Adding entry into typings cache: 'bcrypt' => '/home/ali/.cache/typescript/4.7/node_modules/@types/bcrypt/index.d.ts'
[22:04:20.456] Adding entry into typings cache: 'body-parser' => '/home/ali/.cache/typescript/4.7/node_modules/@types/body-parser/index.d.ts'
[22:04:20.469] Adding entry into typings cache: 'bootstrap' => '/home/ali/.cache/typescript/4.7/node_modules/@types/bootstrap/index.d.ts'
[22:04:20.473] Adding entry into typings cache: 'braces' => '/home/ali/.cache/typescript/4.7/node_modules/@types/braces/index.d.ts'
[22:04:20.481] Adding entry into typings cache: 'busboy' => '/home/ali/.cache/typescript/4.7/node_modules/@types/busboy/index.d.ts'
[22:04:20.499] Adding entry into typings cache: 'bytes' => '/home/ali/.cache/typescript/4.7/node_modules/@types/bytes/index.d.ts'
[22:04:20.504] Adding entry into typings cache: 'camelcase-css' => '/home/ali/.cache/typescript/4.7/node_modules/@types/camelcase-css/index.d.ts'
[22:04:20.508] Adding entry into typings cache: 'caniuse-lite' => '/home/ali/.cache/typescript/4.7/node_modules/@types/caniuse-lite/index.d.ts'
[22:04:20.512] Adding entry into typings cache: 'color' => '/home/ali/.cache/typescript/4.7/node_modules/@types/color/index.d.ts'
[22:04:20.516] Adding entry into typings cache: 'color-name' => '/home/ali/.cache/typescript/4.7/node_modules/@types/color-name/index.d.ts'
[22:04:20.519] Adding entry into typings cache: 'concat-stream' => '/home/ali/.cache/typescript/4.7/node_modules/@types/concat-stream/index.d.ts'
[22:04:20.522] Adding entry into typings cache: 'content-type' => '/home/ali/.cache/typescript/4.7/node_modules/@types/content-type/index.d.ts'
[22:04:20.529] Adding entry into typings cache: 'cookie' => '/home/ali/.cache/typescript/4.7/node_modules/@types/cookie/index.d.ts'
[22:04:20.534] Adding entry into typings cache: 'cookie-parser' => '/home/ali/.cache/typescript/4.7/node_modules/@types/cookie-parser/index.d.ts'
[22:04:20.541] Adding entry into typings cache: 'cookie-signature' => '/home/ali/.cache/typescript/4.7/node_modules/@types/cookie-signature/index.d.ts'
[22:04:20.546] Adding entry into typings cache: 'cors' => '/home/ali/.cache/typescript/4.7/node_modules/@types/cors/index.d.ts'
[22:04:20.550] Adding entry into typings cache: 'cssesc' => '/home/ali/.cache/typescript/4.7/node_modules/@types/cssesc/index.d.ts'
[22:04:20.554] Adding entry into typings cache: 'debug' => '/home/ali/.cache/typescript/4.7/node_modules/@types/debug/index.d.ts'
[22:04:20.557] Adding entry into typings cache: 'defined' => '/home/ali/.cache/typescript/4.7/node_modules/@types/defined/index.d.ts'
[22:04:20.563] Adding entry into typings cache: 'depd' => '/home/ali/.cache/typescript/4.7/node_modules/@types/depd/index.d.ts'
[22:04:20.566] Adding entry into typings cache: 'detective' => '/home/ali/.cache/typescript/4.7/node_modules/@types/detective/index.d.ts'
[22:04:20.569] Adding entry into typings cache: 'didyoumean' => '/home/ali/.cache/typescript/4.7/node_modules/@types/didyoumean/index.d.ts'
[22:04:20.572] Adding entry into typings cache: 'dlv' => '/home/ali/.cache/typescript/4.7/node_modules/@types/dlv/index.d.ts'
[22:04:20.575] Adding entry into typings cache: 'ee-first' => '/home/ali/.cache/typescript/4.7/node_modules/@types/ee-first/index.d.ts'
[22:04:20.579] Adding entry into typings cache: 'express' => '/home/ali/.cache/typescript/4.7/node_modules/@types/express/index.d.ts'
[22:04:20.583] Adding entry into typings cache: 'express-session' => '/home/ali/.cache/typescript/4.7/node_modules/@types/express-session/index.d.ts'
[22:04:20.586] Adding entry into typings cache: 'fill-range' => '/home/ali/.cache/typescript/4.7/node_modules/@types/fill-range/index.d.ts'
[22:04:20.589] Adding entry into typings cache: 'function-bind' => '/home/ali/.cache/typescript/4.7/node_modules/@types/function-bind/index.d.ts'
[22:04:20.592] Adding entry into typings cache: 'glob-parent' => '/home/ali/.cache/typescript/4.7/node_modules/@types/glob-parent/index.d.ts'
[22:04:20.596] Adding entry into typings cache: 'got' => '/home/ali/.cache/typescript/4.7/node_modules/@types/got/index.d.ts'
[22:04:20.600] Adding entry into typings cache: 'has' => '/home/ali/.cache/typescript/4.7/node_modules/@types/has/index.d.ts'
[22:04:20.604] Adding entry into typings cache: 'http-errors' => '/home/ali/.cache/typescript/4.7/node_modules/@types/http-errors/index.d.ts'
[22:04:20.607] Adding entry into typings cache: 'is-core-module' => '/home/ali/.cache/typescript/4.7/node_modules/@types/is-core-module/index.d.ts'
[22:04:20.609] Adding entry into typings cache: 'is-glob' => '/home/ali/.cache/typescript/4.7/node_modules/@types/is-glob/index.d.ts'
[22:04:20.612] Adding entry into typings cache: 'is-number' => '/home/ali/.cache/typescript/4.7/node_modules/@types/is-number/index.d.ts'
[22:04:20.616] Adding entry into typings cache: 'jsonwebtoken' => '/home/ali/.cache/typescript/4.7/node_modules/@types/jsonwebtoken/index.d.ts'
[22:04:20.619] Adding entry into typings cache: 'lodash' => '/home/ali/.cache/typescript/4.7/node_modules/@types/lodash/index.d.ts'
[22:04:20.621] Adding entry into typings cache: 'merge-descriptors' => '/home/ali/.cache/typescript/4.7/node_modules/@types/merge-descriptors/index.d.ts'
[22:04:20.624] Adding entry into typings cache: 'merge2' => '/home/ali/.cache/typescript/4.7/node_modules/@types/merge2/index.d.ts'
[22:04:20.626] Adding entry into typings cache: 'method-override' => '/home/ali/.cache/typescript/4.7/node_modules/@types/method-override/index.d.ts'
[22:04:20.629] Adding entry into typings cache: 'methods' => '/home/ali/.cache/typescript/4.7/node_modules/@types/methods/index.d.ts'
[22:04:20.631] Adding entry into typings cache: 'micromatch' => '/home/ali/.cache/typescript/4.7/node_modules/@types/micromatch/index.d.ts'
[22:04:20.634] Adding entry into typings cache: 'minimist' => '/home/ali/.cache/typescript/4.7/node_modules/@types/minimist/index.d.ts'
[22:04:20.636] Adding entry into typings cache: 'mkdirp' => '/home/ali/.cache/typescript/4.7/node_modules/@types/mkdirp/index.d.ts'
[22:04:20.639] Adding entry into typings cache: 'morgan' => '/home/ali/.cache/typescript/4.7/node_modules/@types/morgan/index.d.ts'
[22:04:20.641] Adding entry into typings cache: 'multer' => '/home/ali/.cache/typescript/4.7/node_modules/@types/multer/index.d.ts'
[22:04:20.643] Adding entry into typings cache: 'nodemon' => '/home/ali/.cache/typescript/4.7/node_modules/@types/nodemon/index.d.ts'
[22:04:20.646] Adding entry into typings cache: 'nopt' => '/home/ali/.cache/typescript/4.7/node_modules/@types/nopt/index.d.ts'
[22:04:20.650] Adding entry into typings cache: 'normalize-path' => '/home/ali/.cache/typescript/4.7/node_modules/@types/normalize-path/index.d.ts'
[22:04:20.655] Adding entry into typings cache: 'npmlog' => '/home/ali/.cache/typescript/4.7/node_modules/@types/npmlog/index.d.ts'
[22:04:20.657] Adding entry into typings cache: 'object-assign' => '/home/ali/.cache/typescript/4.7/node_modules/@types/object-assign/index.d.ts'
[22:04:20.660] Adding entry into typings cache: 'object-hash' => '/home/ali/.cache/typescript/4.7/node_modules/@types/object-hash/index.d.ts'
[22:04:20.662] Adding entry into typings cache: 'on-finished' => '/home/ali/.cache/typescript/4.7/node_modules/@types/on-finished/index.d.ts'
[22:04:20.664] Adding entry into typings cache: 'on-headers' => '/home/ali/.cache/typescript/4.7/node_modules/@types/on-headers/index.d.ts'
[22:04:20.667] Adding entry into typings cache: 'parseurl' => '/home/ali/.cache/typescript/4.7/node_modules/@types/parseurl/index.d.ts'
[22:04:20.671] Adding entry into typings cache: 'passport' => '/home/ali/.cache/typescript/4.7/node_modules/@types/passport/index.d.ts'
[22:04:20.673] Adding entry into typings cache: 'passport-local' => '/home/ali/.cache/typescript/4.7/node_modules/@types/passport-local/index.d.ts'
[22:04:20.675] Adding entry into typings cache: 'passport-strategy' => '/home/ali/.cache/typescript/4.7/node_modules/@types/passport-strategy/index.d.ts'
[22:04:20.678] Adding entry into typings cache: 'path-parse' => '/home/ali/.cache/typescript/4.7/node_modules/@types/path-parse/index.d.ts'
[22:04:20.680] Adding entry into typings cache: 'pause' => '/home/ali/.cache/typescript/4.7/node_modules/@types/pause/index.d.ts'
[22:04:20.682] Adding entry into typings cache: 'picomatch' => '/home/ali/.cache/typescript/4.7/node_modules/@types/picomatch/index.d.ts'
[22:04:20.685] Adding entry into typings cache: 'pify' => '/home/ali/.cache/typescript/4.7/node_modules/@types/pify/index.d.ts'
[22:04:20.687] Adding entry into typings cache: 'postcss-import' => '/home/ali/.cache/typescript/4.7/node_modules/@types/postcss-import/index.d.ts'
[22:04:20.691] Adding entry into typings cache: 'postcss-js' => '/home/ali/.cache/typescript/4.7/node_modules/@types/postcss-js/index.d.ts'
[22:04:20.693] Adding entry into typings cache: 'pug' => '/home/ali/.cache/typescript/4.7/node_modules/@types/pug/index.d.ts'
[22:04:20.695] Adding entry into typings cache: 'qs' => '/home/ali/.cache/typescript/4.7/node_modules/@types/qs/index.d.ts'
[22:04:20.697] Adding entry into typings cache: 'random-bytes' => '/home/ali/.cache/typescript/4.7/node_modules/@types/random-bytes/index.d.ts'
[22:04:20.703] Adding entry into typings cache: 'react' => '/home/ali/.cache/typescript/4.7/node_modules/@types/react/index.d.ts'
[22:04:20.706] Adding entry into typings cache: 'resolve' => '/home/ali/.cache/typescript/4.7/node_modules/@types/resolve/index.d.ts'
[22:04:20.708] Adding entry into typings cache: 'run-parallel' => '/home/ali/.cache/typescript/4.7/node_modules/@types/run-parallel/index.d.ts'
[22:04:20.711] Adding entry into typings cache: 'sass' => '/home/ali/.cache/typescript/4.7/node_modules/@types/sass/index.d.ts'
[22:04:20.716] Adding entry into typings cache: 'sequelize' => '/home/ali/.cache/typescript/4.7/node_modules/@types/sequelize/index.d.ts'
[22:04:20.719] Adding entry into typings cache: 'serve-static' => '/home/ali/.cache/typescript/4.7/node_modules/@types/serve-static/index.d.ts'
[22:04:20.722] Adding entry into typings cache: 'sharp' => '/home/ali/.cache/typescript/4.7/node_modules/@types/sharp/index.d.ts'
[22:04:20.725] Adding entry into typings cache: 'sqlite3' => '/home/ali/.cache/typescript/4.7/node_modules/@types/sqlite3/index.d.ts'
[22:04:20.727] Adding entry into typings cache: 'to-regex-range' => '/home/ali/.cache/typescript/4.7/node_modules/@types/to-regex-range/index.d.ts'
[22:04:20.729] Adding entry into typings cache: 'type-is' => '/home/ali/.cache/typescript/4.7/node_modules/@types/type-is/index.d.ts'
[22:04:20.732] Adding entry into typings cache: 'uid-safe' => '/home/ali/.cache/typescript/4.7/node_modules/@types/uid-safe/index.d.ts'
[22:04:20.734] Adding entry into typings cache: 'util-deprecate' => '/home/ali/.cache/typescript/4.7/node_modules/@types/util-deprecate/index.d.ts'
[22:04:20.736] Adding entry into typings cache: 'uuid' => '/home/ali/.cache/typescript/4.7/node_modules/@types/uuid/index.d.ts'
[22:04:20.738] Adding entry into typings cache: 'vary' => '/home/ali/.cache/typescript/4.7/node_modules/@types/vary/index.d.ts'
[22:04:20.740] Adding entry into typings cache: 'xtend' => '/home/ali/.cache/typescript/4.7/node_modules/@types/xtend/index.d.ts'
[22:04:20.742] Adding entry into typings cache: 'yup' => '/home/ali/.cache/typescript/4.7/node_modules/@types/yup/index.d.ts'
[22:04:20.742] Finished processing cache location '/home/ali/.cache/typescript/4.7'
[22:04:20.743] Process id: 73030
[22:04:20.743] NPM location: /usr/bin/npm (explicit '--npmLocation' not  provided)
[22:04:20.743] validateDefaultNpmLocation: false
[22:04:20.743] Npm config file: /home/ali/.cache/typescript/4.7/package.json
[22:04:20.743] Updating types-registry npm package...
[22:04:20.743] Exec: /usr/bin/npm install --ignore-scripts types-registry@latest
[22:04:24.222]     Succeeded. stdout:
    
    up to date, audited 116 packages in 3s

2 packages are looking for funding
  run `npm fund` for details

found 0 vulnerabilities

[22:04:24.223] Updated types-registry npm package
[22:04:24.273] Got install request {"projectName":"/dev/null/inferredProject1*","fileNames":["/usr/lib/node_modules/typescript/lib/lib.es5.d.ts","/usr/lib/node_modules/typescript/lib/lib.es2015.d.ts","/usr/lib/node_modules/typescript/lib/lib.es2016.d.ts","/usr/lib/node_modules/typescript/lib/lib.dom.d.ts","/usr/lib/node_modules/typescript/lib/lib.dom.iterable.d.ts","/usr/lib/node_modules/typescript/lib/lib.webworker.importscripts.d.ts","/usr/lib/node_modules/typescript/lib/lib.scripthost.d.ts","/usr/lib/node_modules/typescript/lib/lib.es2015.core.d.ts","/usr/lib/node_modules/typescript/lib/lib.es2015.collection.d.ts","/usr/lib/node_modules/typescript/lib/lib.es2015.generator.d.ts","/usr/lib/node_modules/typescript/lib/lib.es2015.iterable.d.ts","/usr/lib/node_modules/typescript/lib/lib.es2015.promise.d.ts","/usr/lib/node_modules/typescript/lib/lib.es2015.proxy.d.ts","/usr/lib/node_modules/typescript/lib/lib.es2015.reflect.d.ts","/usr/lib/node_modules/typescript/lib/lib.es2015.symbol.d.ts","/usr/lib/node_modules/typescript/lib/lib.es2015.symbol.wellknown.d.ts","/usr/lib/node_modules/typescript/lib/lib.es2016.array.include.d.ts","/usr/lib/node_modules/typescript/lib/lib.es2016.full.d.ts","/home/ali/Projects/LARAVEL/shop/vite.config.js"],"compilerOptions":{"module":1,"target":3,"jsx":1,"allowJs":true,"allowSyntheticDefaultImports":true,"allowNonTsExtensions":true,"noEmitForJsFiles":true,"maxNodeModuleJsDepth":2},"typeAcquisition":{"enable":true,"include":[],"exclude":[]},"unresolvedImports":[],"projectRootPath":"/home/ali/Projects/LARAVEL/shop","kind":"discover"}
[22:04:24.292] Loaded safelist from types map file '/usr/lib/node_modules/typescript/lib/typesMap.json'
[22:04:24.293] Explicitly included types: []
[22:04:24.296] Typing names in '/home/ali/Projects/LARAVEL/shop/package.json' dependencies: ["@popperjs/core","axios","bootstrap","laravel-vite-plugin","lodash","postcss","sass","vite"]
[22:04:24.297] Searching for typing names in /home/ali/Projects/LARAVEL/shop/node_modules; all files: ["/home/ali/Projects/LARAVEL/shop/node_modules/@popperjs/core/package.json","/home/ali/Projects/LARAVEL/shop/node_modules/axios/package.json","/home/ali/Projects/LARAVEL/shop/node_modules/bootstrap/package.json","/home/ali/Projects/LARAVEL/shop/node_modules/laravel-vite-plugin/package.json","/home/ali/Projects/LARAVEL/shop/node_modules/lodash/package.json","/home/ali/Projects/LARAVEL/shop/node_modules/postcss/package.json","/home/ali/Projects/LARAVEL/shop/node_modules/sass/package.json","/home/ali/Projects/LARAVEL/shop/node_modules/vite/package.json"]
[22:04:24.304]     Package 'axios' provides its own types.
[22:04:24.310]     Package 'laravel-vite-plugin' provides its own types.
[22:04:24.313]     Package 'postcss' provides its own types.
[22:04:24.315]     Package 'sass' provides its own types.
[22:04:24.318]     Package 'vite' provides its own types.
[22:04:24.319]     Found package names: ["@popperjs/core","bootstrap","lodash"]
[22:04:24.320] Inferred typings from unresolved imports: []
[22:04:24.320] Result: {"cachedTypingPaths":["/home/ali/Projects/LARAVEL/shop/node_modules/axios/index.d.ts","/home/ali/.cache/typescript/4.7/node_modules/@types/bootstrap/index.d.ts","/home/ali/Projects/LARAVEL/shop/node_modules/laravel-vite-plugin/dist/index.d.ts","/home/ali/.cache/typescript/4.7/node_modules/@types/lodash/index.d.ts","/home/ali/Projects/LARAVEL/shop/node_modules/postcss/lib/postcss.d.ts","/home/ali/Projects/LARAVEL/shop/node_modules/sass/types/index.d.ts","/home/ali/Projects/LARAVEL/shop/node_modules/vite/dist/node/index.d.ts"],"newTypingNames":["@popperjs/core"],"filesToWatch":["/home/ali/Projects/LARAVEL/shop/bower_components","/home/ali/Projects/LARAVEL/shop/package.json","/home/ali/Projects/LARAVEL/shop/node_modules"]}
[22:04:24.320] Finished typings discovery: {"cachedTypingPaths":["/home/ali/Projects/LARAVEL/shop/node_modules/axios/index.d.ts","/home/ali/.cache/typescript/4.7/node_modules/@types/bootstrap/index.d.ts","/home/ali/Projects/LARAVEL/shop/node_modules/laravel-vite-plugin/dist/index.d.ts","/home/ali/.cache/typescript/4.7/node_modules/@types/lodash/index.d.ts","/home/ali/Projects/LARAVEL/shop/node_modules/postcss/lib/postcss.d.ts","/home/ali/Projects/LARAVEL/shop/node_modules/sass/types/index.d.ts","/home/ali/Projects/LARAVEL/shop/node_modules/vite/dist/node/index.d.ts"],"newTypingNames":["@popperjs/core"],"filesToWatch":["/home/ali/Projects/LARAVEL/shop/bower_components","/home/ali/Projects/LARAVEL/shop/package.json","/home/ali/Projects/LARAVEL/shop/node_modules"]}
[22:04:24.321] DirectoryWatcher:: Added:: WatchInfo: /home/ali/Projects/LARAVEL/shop/bower_components
[22:04:24.322] DirectoryWatcher:: Added:: WatchInfo: /home/ali/Projects/LARAVEL/shop/bower_components 1 undefined Project: /dev/null/inferredProject1* watcher already invoked: false
[22:04:24.327] Elapsed:: 4.458434999920428ms DirectoryWatcher:: Added:: WatchInfo: /home/ali/Projects/LARAVEL/shop/bower_components 1 undefined Project: /dev/null/inferredProject1* watcher already invoked: false
[22:04:24.327] FileWatcher:: Added:: WatchInfo: /home/ali/Projects/LARAVEL/shop/package.json
[22:04:24.328] FileWatcher:: Added:: WatchInfo: /home/ali/Projects/LARAVEL/shop/package.json 2000 undefined Project: /dev/null/inferredProject1* watcher already invoked: false
[22:04:24.328] DirectoryWatcher:: Added:: WatchInfo: /home/ali/Projects/LARAVEL/shop/node_modules
[22:04:24.328] DirectoryWatcher:: Added:: WatchInfo: /home/ali/Projects/LARAVEL/shop/node_modules 1 undefined Project: /dev/null/inferredProject1* watcher already invoked: false
[22:04:24.360] Elapsed:: 31.023279999848455ms DirectoryWatcher:: Added:: WatchInfo: /home/ali/Projects/LARAVEL/shop/node_modules 1 undefined Project: /dev/null/inferredProject1* watcher already invoked: false
[22:04:24.360] Installing typings ["@popperjs/core"]
[22:04:24.361] '@popperjs/core':: Entry for package 'popperjs__core' does not exist in local types registry - skipping...
[22:04:24.361] All typings are known to be missing or invalid - no need to install more typings
[22:04:24.361] Sending response:
    {"projectName":"/dev/null/inferredProject1*","typeAcquisition":{"enable":true,"include":[],"exclude":[]},"compilerOptions":{"module":1,"target":3,"jsx":1,"allowJs":true,"allowSyntheticDefaultImports":true,"allowNonTsExtensions":true,"noEmitForJsFiles":true,"maxNodeModuleJsDepth":2},"typings":["/home/ali/Projects/LARAVEL/shop/node_modules/axios/index.d.ts","/home/ali/.cache/typescript/4.7/node_modules/@types/bootstrap/index.d.ts","/home/ali/Projects/LARAVEL/shop/node_modules/laravel-vite-plugin/dist/index.d.ts","/home/ali/.cache/typescript/4.7/node_modules/@types/lodash/index.d.ts","/home/ali/Projects/LARAVEL/shop/node_modules/postcss/lib/postcss.d.ts","/home/ali/Projects/LARAVEL/shop/node_modules/sass/types/index.d.ts","/home/ali/Projects/LARAVEL/shop/node_modules/vite/dist/node/index.d.ts"],"unresolvedImports":[],"kind":"action::set"}
[22:04:24.362] Response has been sent.
[22:04:25.246] Got install request {"projectName":"/dev/null/inferredProject1*","fileNames":["/usr/lib/node_modules/typescript/lib/lib.es5.d.ts","/usr/lib/node_modules/typescript/lib/lib.es2015.d.ts","/usr/lib/node_modules/typescript/lib/lib.es2016.d.ts","/usr/lib/node_modules/typescript/lib/lib.dom.d.ts","/usr/lib/node_modules/typescript/lib/lib.dom.iterable.d.ts","/usr/lib/node_modules/typescript/lib/lib.webworker.importscripts.d.ts","/usr/lib/node_modules/typescript/lib/lib.scripthost.d.ts","/usr/lib/node_modules/typescript/lib/lib.es2015.core.d.ts","/usr/lib/node_modules/typescript/lib/lib.es2015.collection.d.ts","/usr/lib/node_modules/typescript/lib/lib.es2015.generator.d.ts","/usr/lib/node_modules/typescript/lib/lib.es2015.iterable.d.ts","/usr/lib/node_modules/typescript/lib/lib.es2015.promise.d.ts","/usr/lib/node_modules/typescript/lib/lib.es2015.proxy.d.ts","/usr/lib/node_modules/typescript/lib/lib.es2015.reflect.d.ts","/usr/lib/node_modules/typescript/lib/lib.es2015.symbol.d.ts","/usr/lib/node_modules/typescript/lib/lib.es2015.symbol.wellknown.d.ts","/usr/lib/node_modules/typescript/lib/lib.es2016.array.include.d.ts","/usr/lib/node_modules/typescript/lib/lib.es2016.full.d.ts","/home/ali/Projects/LARAVEL/shop/node_modules/postcss/lib/postcss.d.ts","/home/ali/Projects/LARAVEL/shop/node_modules/vite/dist/node/index.d.ts","/home/ali/Projects/LARAVEL/shop/node_modules/laravel-vite-plugin/dist/index.d.ts","/home/ali/Projects/LARAVEL/shop/vite.config.js","/home/ali/.cache/typescript/4.7/node_modules/@types/bootstrap/index.d.ts","/home/ali/.cache/typescript/4.7/node_modules/@types/lodash/common/common.d.ts","/home/ali/.cache/typescript/4.7/node_modules/@types/lodash/common/array.d.ts","/home/ali/.cache/typescript/4.7/node_modules/@types/lodash/common/collection.d.ts","/home/ali/.cache/typescript/4.7/node_modules/@types/lodash/common/date.d.ts","/home/ali/.cache/typescript/4.7/node_modules/@types/lodash/common/function.d.ts","/home/ali/.cache/typescript/4.7/node_modules/@types/lodash/common/lang.d.ts","/home/ali/.cache/typescript/4.7/node_modules/@types/lodash/common/math.d.ts","/home/ali/.cache/typescript/4.7/node_modules/@types/lodash/common/number.d.ts","/home/ali/.cache/typescript/4.7/node_modules/@types/lodash/common/object.d.ts","/home/ali/.cache/typescript/4.7/node_modules/@types/lodash/common/seq.d.ts","/home/ali/.cache/typescript/4.7/node_modules/@types/lodash/common/string.d.ts","/home/ali/.cache/typescript/4.7/node_modules/@types/lodash/common/util.d.ts","/home/ali/.cache/typescript/4.7/node_modules/@types/lodash/index.d.ts","/home/ali/Projects/LARAVEL/shop/node_modules/axios/index.d.ts","/home/ali/Projects/LARAVEL/shop/node_modules/sass/types/index.d.ts"],"compilerOptions":{"module":1,"target":3,"jsx":1,"allowJs":true,"allowSyntheticDefaultImports":true,"allowNonTsExtensions":true,"noEmitForJsFiles":true,"maxNodeModuleJsDepth":2},"typeAcquisition":{"enable":true,"include":[],"exclude":[]},"unresolvedImports":[],"projectRootPath":"/home/ali/Projects/LARAVEL/shop","kind":"discover"}
[22:04:25.246] Explicitly included types: []
[22:04:25.248] Typing names in '/home/ali/Projects/LARAVEL/shop/package.json' dependencies: ["@popperjs/core","axios","bootstrap","laravel-vite-plugin","lodash","postcss","sass","vite"]
[22:04:25.248] Searching for typing names in /home/ali/Projects/LARAVEL/shop/node_modules; all files: ["/home/ali/Projects/LARAVEL/shop/node_modules/@popperjs/core/package.json","/home/ali/Projects/LARAVEL/shop/node_modules/axios/package.json","/home/ali/Projects/LARAVEL/shop/node_modules/bootstrap/package.json","/home/ali/Projects/LARAVEL/shop/node_modules/laravel-vite-plugin/package.json","/home/ali/Projects/LARAVEL/shop/node_modules/lodash/package.json","/home/ali/Projects/LARAVEL/shop/node_modules/postcss/package.json","/home/ali/Projects/LARAVEL/shop/node_modules/sass/package.json","/home/ali/Projects/LARAVEL/shop/node_modules/vite/package.json"]
[22:04:25.254]     Package 'axios' provides its own types.
[22:04:25.261]     Package 'laravel-vite-plugin' provides its own types.
[22:04:25.264]     Package 'postcss' provides its own types.
[22:04:25.265]     Package 'sass' provides its own types.
[22:04:25.268]     Package 'vite' provides its own types.
[22:04:25.268]     Found package names: ["@popperjs/core","bootstrap","lodash"]
[22:04:25.268] Inferred typings from unresolved imports: []
[22:04:25.269] Result: {"cachedTypingPaths":["/home/ali/Projects/LARAVEL/shop/node_modules/axios/index.d.ts","/home/ali/.cache/typescript/4.7/node_modules/@types/bootstrap/index.d.ts","/home/ali/Projects/LARAVEL/shop/node_modules/laravel-vite-plugin/dist/index.d.ts","/home/ali/.cache/typescript/4.7/node_modules/@types/lodash/index.d.ts","/home/ali/Projects/LARAVEL/shop/node_modules/postcss/lib/postcss.d.ts","/home/ali/Projects/LARAVEL/shop/node_modules/sass/types/index.d.ts","/home/ali/Projects/LARAVEL/shop/node_modules/vite/dist/node/index.d.ts"],"newTypingNames":["@popperjs/core"],"filesToWatch":["/home/ali/Projects/LARAVEL/shop/bower_components","/home/ali/Projects/LARAVEL/shop/package.json","/home/ali/Projects/LARAVEL/shop/node_modules"]}
[22:04:25.269] Finished typings discovery: {"cachedTypingPaths":["/home/ali/Projects/LARAVEL/shop/node_modules/axios/index.d.ts","/home/ali/.cache/typescript/4.7/node_modules/@types/bootstrap/index.d.ts","/home/ali/Projects/LARAVEL/shop/node_modules/laravel-vite-plugin/dist/index.d.ts","/home/ali/.cache/typescript/4.7/node_modules/@types/lodash/index.d.ts","/home/ali/Projects/LARAVEL/shop/node_modules/postcss/lib/postcss.d.ts","/home/ali/Projects/LARAVEL/shop/node_modules/sass/types/index.d.ts","/home/ali/Projects/LARAVEL/shop/node_modules/vite/dist/node/index.d.ts"],"newTypingNames":["@popperjs/core"],"filesToWatch":["/home/ali/Projects/LARAVEL/shop/bower_components","/home/ali/Projects/LARAVEL/shop/package.json","/home/ali/Projects/LARAVEL/shop/node_modules"]}
[22:04:25.269] Installing typings ["@popperjs/core"]
[22:04:25.269] '@popperjs/core':: Entry for package 'popperjs__core' does not exist in local types registry - skipping...
[22:04:25.270] All typings are known to be missing or invalid - no need to install more typings
[22:04:25.270] Sending response:
    {"projectName":"/dev/null/inferredProject1*","typeAcquisition":{"enable":true,"include":[],"exclude":[]},"compilerOptions":{"module":1,"target":3,"jsx":1,"allowJs":true,"allowSyntheticDefaultImports":true,"allowNonTsExtensions":true,"noEmitForJsFiles":true,"maxNodeModuleJsDepth":2},"typings":["/home/ali/Projects/LARAVEL/shop/node_modules/axios/index.d.ts","/home/ali/.cache/typescript/4.7/node_modules/@types/bootstrap/index.d.ts","/home/ali/Projects/LARAVEL/shop/node_modules/laravel-vite-plugin/dist/index.d.ts","/home/ali/.cache/typescript/4.7/node_modules/@types/lodash/index.d.ts","/home/ali/Projects/LARAVEL/shop/node_modules/postcss/lib/postcss.d.ts","/home/ali/Projects/LARAVEL/shop/node_modules/sass/types/index.d.ts","/home/ali/Projects/LARAVEL/shop/node_modules/vite/dist/node/index.d.ts"],"unresolvedImports":[],"kind":"action::set"}
[22:04:25.270] Response has been sent.
[22:04:33.652] Got install request {"projectName":"/dev/null/inferredProject2*","fileNames":["/usr/lib/node_modules/typescript/lib/lib.es5.d.ts","/usr/lib/node_modules/typescript/lib/lib.es2015.d.ts","/usr/lib/node_modules/typescript/lib/lib.es2016.d.ts","/usr/lib/node_modules/typescript/lib/lib.dom.d.ts","/usr/lib/node_modules/typescript/lib/lib.dom.iterable.d.ts","/usr/lib/node_modules/typescript/lib/lib.webworker.importscripts.d.ts","/usr/lib/node_modules/typescript/lib/lib.scripthost.d.ts","/usr/lib/node_modules/typescript/lib/lib.es2015.core.d.ts","/usr/lib/node_modules/typescript/lib/lib.es2015.collection.d.ts","/usr/lib/node_modules/typescript/lib/lib.es2015.generator.d.ts","/usr/lib/node_modules/typescript/lib/lib.es2015.iterable.d.ts","/usr/lib/node_modules/typescript/lib/lib.es2015.promise.d.ts","/usr/lib/node_modules/typescript/lib/lib.es2015.proxy.d.ts","/usr/lib/node_modules/typescript/lib/lib.es2015.reflect.d.ts","/usr/lib/node_modules/typescript/lib/lib.es2015.symbol.d.ts","/usr/lib/node_modules/typescript/lib/lib.es2015.symbol.wellknown.d.ts","/usr/lib/node_modules/typescript/lib/lib.es2016.array.include.d.ts","/usr/lib/node_modules/typescript/lib/lib.es2016.full.d.ts","/home/ali/Projects/LARAVEL/shop/resources/js/bootstrap.js","/home/ali/Projects/LARAVEL/shop/resources/js/admin.js"],"compilerOptions":{"module":1,"target":3,"jsx":1,"allowJs":true,"allowSyntheticDefaultImports":true,"allowNonTsExtensions":true,"noEmitForJsFiles":true,"maxNodeModuleJsDepth":2},"typeAcquisition":{"enable":true,"include":[],"exclude":[]},"unresolvedImports":[],"projectRootPath":"/home/ali/Projects/LARAVEL/shop/resources/js","kind":"discover"}
[22:04:33.653] Explicitly included types: []
[22:04:33.653] Inferred typings from file names: ["bootstrap"]
[22:04:33.653] Inferred typings from unresolved imports: []
[22:04:33.653] Result: {"cachedTypingPaths":["/home/ali/.cache/typescript/4.7/node_modules/@types/bootstrap/index.d.ts"],"newTypingNames":[],"filesToWatch":["/home/ali/Projects/LARAVEL/shop/resources/js/bower_components","/home/ali/Projects/LARAVEL/shop/resources/js/node_modules"]}
[22:04:33.653] Finished typings discovery: {"cachedTypingPaths":["/home/ali/.cache/typescript/4.7/node_modules/@types/bootstrap/index.d.ts"],"newTypingNames":[],"filesToWatch":["/home/ali/Projects/LARAVEL/shop/resources/js/bower_components","/home/ali/Projects/LARAVEL/shop/resources/js/node_modules"]}
[22:04:33.654] DirectoryWatcher:: Added:: WatchInfo: /home/ali/Projects/LARAVEL/shop/resources/js/bower_components
[22:04:33.654] DirectoryWatcher:: Added:: WatchInfo: /home/ali/Projects/LARAVEL/shop/resources/js/bower_components 1 undefined Project: /dev/null/inferredProject2* watcher already invoked: false
[22:04:33.654] Elapsed:: 0.23664400028064847ms DirectoryWatcher:: Added:: WatchInfo: /home/ali/Projects/LARAVEL/shop/resources/js/bower_components 1 undefined Project: /dev/null/inferredProject2* watcher already invoked: false
[22:04:33.654] DirectoryWatcher:: Added:: WatchInfo: /home/ali/Projects/LARAVEL/shop/resources/js/node_modules
[22:04:33.654] DirectoryWatcher:: Added:: WatchInfo: /home/ali/Projects/LARAVEL/shop/resources/js/node_modules 1 undefined Project: /dev/null/inferredProject2* watcher already invoked: false
[22:04:33.654] Elapsed:: 0.14005300030112267ms DirectoryWatcher:: Added:: WatchInfo: /home/ali/Projects/LARAVEL/shop/resources/js/node_modules 1 undefined Project: /dev/null/inferredProject2* watcher already invoked: false
[22:04:33.655] Sending response:
    {"projectName":"/dev/null/inferredProject2*","typeAcquisition":{"enable":true,"include":[],"exclude":[]},"compilerOptions":{"module":1,"target":3,"jsx":1,"allowJs":true,"allowSyntheticDefaultImports":true,"allowNonTsExtensions":true,"noEmitForJsFiles":true,"maxNodeModuleJsDepth":2},"typings":["/home/ali/.cache/typescript/4.7/node_modules/@types/bootstrap/index.d.ts"],"unresolvedImports":[],"kind":"action::set"}
[22:04:33.655] Response has been sent.
[22:04:33.655] No new typings were requested as a result of typings discovery
[22:05:13.525] Got install request {"projectName":"/dev/null/inferredProject2*","fileNames":["/usr/lib/node_modules/typescript/lib/lib.es5.d.ts","/usr/lib/node_modules/typescript/lib/lib.es2015.d.ts","/usr/lib/node_modules/typescript/lib/lib.es2016.d.ts","/usr/lib/node_modules/typescript/lib/lib.dom.d.ts","/usr/lib/node_modules/typescript/lib/lib.dom.iterable.d.ts","/usr/lib/node_modules/typescript/lib/lib.webworker.importscripts.d.ts","/usr/lib/node_modules/typescript/lib/lib.scripthost.d.ts","/usr/lib/node_modules/typescript/lib/lib.es2015.core.d.ts","/usr/lib/node_modules/typescript/lib/lib.es2015.collection.d.ts","/usr/lib/node_modules/typescript/lib/lib.es2015.generator.d.ts","/usr/lib/node_modules/typescript/lib/lib.es2015.iterable.d.ts","/usr/lib/node_modules/typescript/lib/lib.es2015.promise.d.ts","/usr/lib/node_modules/typescript/lib/lib.es2015.proxy.d.ts","/usr/lib/node_modules/typescript/lib/lib.es2015.reflect.d.ts","/usr/lib/node_modules/typescript/lib/lib.es2015.symbol.d.ts","/usr/lib/node_modules/typescript/lib/lib.es2015.symbol.wellknown.d.ts","/usr/lib/node_modules/typescript/lib/lib.es2016.array.include.d.ts","/usr/lib/node_modules/typescript/lib/lib.es2016.full.d.ts","/home/ali/.cache/typescript/4.7/node_modules/@types/bootstrap/index.d.ts","/home/ali/Projects/LARAVEL/shop/resources/js/bootstrap.js","/home/ali/Projects/LARAVEL/shop/resources/assets/admin/js/grid.js","/home/ali/Projects/LARAVEL/shop/resources/js/admin.js"],"compilerOptions":{"module":1,"target":3,"jsx":1,"allowJs":true,"allowSyntheticDefaultImports":true,"allowNonTsExtensions":true,"noEmitForJsFiles":true,"maxNodeModuleJsDepth":2},"typeAcquisition":{"enable":true,"include":[],"exclude":[]},"unresolvedImports":[],"projectRootPath":"/home/ali/Projects/LARAVEL/shop/resources/js","kind":"discover"}
[22:05:13.526] Explicitly included types: []
[22:05:13.526] Inferred typings from file names: ["bootstrap"]
[22:05:13.526] Inferred typings from unresolved imports: []
[22:05:13.527] Result: {"cachedTypingPaths":["/home/ali/.cache/typescript/4.7/node_modules/@types/bootstrap/index.d.ts"],"newTypingNames":[],"filesToWatch":["/home/ali/Projects/LARAVEL/shop/resources/js/bower_components","/home/ali/Projects/LARAVEL/shop/resources/js/node_modules","/home/ali/Projects/LARAVEL/shop/resources/assets/admin/js/bower_components","/home/ali/Projects/LARAVEL/shop/resources/assets/admin/js/node_modules"]}
[22:05:13.527] Finished typings discovery: {"cachedTypingPaths":["/home/ali/.cache/typescript/4.7/node_modules/@types/bootstrap/index.d.ts"],"newTypingNames":[],"filesToWatch":["/home/ali/Projects/LARAVEL/shop/resources/js/bower_components","/home/ali/Projects/LARAVEL/shop/resources/js/node_modules","/home/ali/Projects/LARAVEL/shop/resources/assets/admin/js/bower_components","/home/ali/Projects/LARAVEL/shop/resources/assets/admin/js/node_modules"]}
[22:05:13.527] DirectoryWatcher:: Added:: WatchInfo: /home/ali/Projects/LARAVEL/shop/resources/assets/admin/js/bower_components
[22:05:13.527] DirectoryWatcher:: Added:: WatchInfo: /home/ali/Projects/LARAVEL/shop/resources/assets/admin/js/bower_components 1 undefined Project: /dev/null/inferredProject2* watcher already invoked: false
[22:05:13.528] Elapsed:: 0.29836999997496605ms DirectoryWatcher:: Added:: WatchInfo: /home/ali/Projects/LARAVEL/shop/resources/assets/admin/js/bower_components 1 undefined Project: /dev/null/inferredProject2* watcher already invoked: false
[22:05:13.528] DirectoryWatcher:: Added:: WatchInfo: /home/ali/Projects/LARAVEL/shop/resources/assets/admin/js/node_modules
[22:05:13.528] DirectoryWatcher:: Added:: WatchInfo: /home/ali/Projects/LARAVEL/shop/resources/assets/admin/js/node_modules 1 undefined Project: /dev/null/inferredProject2* watcher already invoked: false
[22:05:13.528] Elapsed:: 0.21435200003907084ms DirectoryWatcher:: Added:: WatchInfo: /home/ali/Projects/LARAVEL/shop/resources/assets/admin/js/node_modules 1 undefined Project: /dev/null/inferredProject2* watcher already invoked: false
[22:05:13.528] Sending response:
    {"projectName":"/dev/null/inferredProject2*","typeAcquisition":{"enable":true,"include":[],"exclude":[]},"compilerOptions":{"module":1,"target":3,"jsx":1,"allowJs":true,"allowSyntheticDefaultImports":true,"allowNonTsExtensions":true,"noEmitForJsFiles":true,"maxNodeModuleJsDepth":2},"typings":["/home/ali/.cache/typescript/4.7/node_modules/@types/bootstrap/index.d.ts"],"unresolvedImports":[],"kind":"action::set"}
[22:05:13.529] Response has been sent.
[22:05:13.529] No new typings were requested as a result of typings discovery
[22:19:38.936] sysLog:: onTimerToUpdateChildWatches:: 2
[22:19:38.945] sysLog:: invokingWatchers:: Elapsed:: 9.058606999926269ms:: 0
[22:19:38.946] DirectoryWatcher:: Triggered with /home/ali/Projects/LARAVEL/shop/node_modules :: WatchInfo: /home/ali/Projects/LARAVEL/shop/node_modules 1 undefined Project: /dev/null/inferredProject1* watcher already invoked: false
[22:19:38.946] Elapsed:: 0.14229700015857816ms DirectoryWatcher:: Triggered with /home/ali/Projects/LARAVEL/shop/node_modules :: WatchInfo: /home/ali/Projects/LARAVEL/shop/node_modules 1 undefined Project: /dev/null/inferredProject1* watcher already invoked: false
[22:19:38.947] sysLog:: Elapsed:: 10.337937000207603ms:: onTimerToUpdateChildWatches:: 0 undefined
[22:19:41.348] sysLog:: /home/ali/Projects/LARAVEL/shop/node_modules/fsevents:: Changing watcher to MissingFileSystemEntryWatcher
[22:19:41.349] DirectoryWatcher:: Triggered with /home/ali/Projects/LARAVEL/shop/node_modules/fsevents :: WatchInfo: /home/ali/Projects/LARAVEL/shop/node_modules 1 undefined Project: /dev/null/inferredProject1* watcher already invoked: false
[22:19:41.349] Elapsed:: 0.04384199995547533ms DirectoryWatcher:: Triggered with /home/ali/Projects/LARAVEL/shop/node_modules/fsevents :: WatchInfo: /home/ali/Projects/LARAVEL/shop/node_modules 1 undefined Project: /dev/null/inferredProject1* watcher already invoked: false
[22:19:41.349] sysLog:: /home/ali/Projects/LARAVEL/shop/node_modules/esbuild-windows-arm64:: Changing watcher to MissingFileSystemEntryWatcher
[22:19:41.349] DirectoryWatcher:: Triggered with /home/ali/Projects/LARAVEL/shop/node_modules/esbuild-windows-arm64 :: WatchInfo: /home/ali/Projects/LARAVEL/shop/node_modules 1 undefined Project: /dev/null/inferredProject1* watcher already invoked: false
[22:19:41.350] Elapsed:: 0.023534999694675207ms DirectoryWatcher:: Triggered with /home/ali/Projects/LARAVEL/shop/node_modules/esbuild-windows-arm64 :: WatchInfo: /home/ali/Projects/LARAVEL/shop/node_modules 1 undefined Project: /dev/null/inferredProject1* watcher already invoked: false
[22:19:41.350] sysLog:: /home/ali/Projects/LARAVEL/shop/node_modules/esbuild-windows-64:: Changing watcher to MissingFileSystemEntryWatcher
[22:19:41.350] DirectoryWatcher:: Triggered with /home/ali/Projects/LARAVEL/shop/node_modules/esbuild-windows-64 :: WatchInfo: /home/ali/Projects/LARAVEL/shop/node_modules 1 undefined Project: /dev/null/inferredProject1* watcher already invoked: false
[22:19:41.350] Elapsed:: 0.010599999688565731ms DirectoryWatcher:: Triggered with /home/ali/Projects/LARAVEL/shop/node_modules/esbuild-windows-64 :: WatchInfo: /home/ali/Projects/LARAVEL/shop/node_modules 1 undefined Project: /dev/null/inferredProject1* watcher already invoked: false
[22:19:41.350] sysLog:: /home/ali/Projects/LARAVEL/shop/node_modules/esbuild-windows-32:: Changing watcher to MissingFileSystemEntryWatcher
[22:19:41.350] DirectoryWatcher:: Triggered with /home/ali/Projects/LARAVEL/shop/node_modules/esbuild-windows-32 :: WatchInfo: /home/ali/Projects/LARAVEL/shop/node_modules 1 undefined Project: /dev/null/inferredProject1* watcher already invoked: false
[22:19:41.351] Elapsed:: 0.013415000401437283ms DirectoryWatcher:: Triggered with /home/ali/Projects/LARAVEL/shop/node_modules/esbuild-windows-32 :: WatchInfo: /home/ali/Projects/LARAVEL/shop/node_modules 1 undefined Project: /dev/null/inferredProject1* watcher already invoked: false
[22:19:41.351] sysLog:: /home/ali/Projects/LARAVEL/shop/node_modules/esbuild-sunos-64:: Changing watcher to MissingFileSystemEntryWatcher
[22:19:41.351] DirectoryWatcher:: Triggered with /home/ali/Projects/LARAVEL/shop/node_modules/esbuild-sunos-64 :: WatchInfo: /home/ali/Projects/LARAVEL/shop/node_modules 1 undefined Project: /dev/null/inferredProject1* watcher already invoked: false
[22:19:41.351] Elapsed:: 0.03070800006389618ms DirectoryWatcher:: Triggered with /home/ali/Projects/LARAVEL/shop/node_modules/esbuild-sunos-64 :: WatchInfo: /home/ali/Projects/LARAVEL/shop/node_modules 1 undefined Project: /dev/null/inferredProject1* watcher already invoked: false
[22:19:41.351] sysLog:: /home/ali/Projects/LARAVEL/shop/node_modules/esbuild-openbsd-64:: Changing watcher to MissingFileSystemEntryWatcher
[22:19:41.351] DirectoryWatcher:: Triggered with /home/ali/Projects/LARAVEL/shop/node_modules/esbuild-openbsd-64 :: WatchInfo: /home/ali/Projects/LARAVEL/shop/node_modules 1 undefined Project: /dev/null/inferredProject1* watcher already invoked: false
[22:19:41.352] Elapsed:: 0.0106500000692904ms DirectoryWatcher:: Triggered with /home/ali/Projects/LARAVEL/shop/node_modules/esbuild-openbsd-64 :: WatchInfo: /home/ali/Projects/LARAVEL/shop/node_modules 1 undefined Project: /dev/null/inferredProject1* watcher already invoked: false
[22:19:41.352] sysLog:: /home/ali/Projects/LARAVEL/shop/node_modules/esbuild-netbsd-64:: Changing watcher to MissingFileSystemEntryWatcher
[22:19:41.352] DirectoryWatcher:: Triggered with /home/ali/Projects/LARAVEL/shop/node_modules/esbuild-netbsd-64 :: WatchInfo: /home/ali/Projects/LARAVEL/shop/node_modules 1 undefined Project: /dev/null/inferredProject1* watcher already invoked: false
[22:19:41.352] Elapsed:: 0.011050999630242586ms DirectoryWatcher:: Triggered with /home/ali/Projects/LARAVEL/shop/node_modules/esbuild-netbsd-64 :: WatchInfo: /home/ali/Projects/LARAVEL/shop/node_modules 1 undefined Project: /dev/null/inferredProject1* watcher already invoked: false
[22:19:41.352] sysLog:: /home/ali/Projects/LARAVEL/shop/node_modules/esbuild-linux-s390x:: Changing watcher to MissingFileSystemEntryWatcher
[22:19:41.353] DirectoryWatcher:: Triggered with /home/ali/Projects/LARAVEL/shop/node_modules/esbuild-linux-s390x :: WatchInfo: /home/ali/Projects/LARAVEL/shop/node_modules 1 undefined Project: /dev/null/inferredProject1* watcher already invoked: false
[22:19:41.353] Elapsed:: 0.05539400037378073ms DirectoryWatcher:: Triggered with /home/ali/Projects/LARAVEL/shop/node_modules/esbuild-linux-s390x :: WatchInfo: /home/ali/Projects/LARAVEL/shop/node_modules 1 undefined Project: /dev/null/inferredProject1* watcher already invoked: false
[22:19:41.353] sysLog:: /home/ali/Projects/LARAVEL/shop/node_modules/esbuild-linux-riscv64:: Changing watcher to MissingFileSystemEntryWatcher
[22:19:41.354] DirectoryWatcher:: Triggered with /home/ali/Projects/LARAVEL/shop/node_modules/esbuild-linux-riscv64 :: WatchInfo: /home/ali/Projects/LARAVEL/shop/node_modules 1 undefined Project: /dev/null/inferredProject1* watcher already invoked: false
[22:19:41.354] Elapsed:: 0.019747000187635422ms DirectoryWatcher:: Triggered with /home/ali/Projects/LARAVEL/shop/node_modules/esbuild-linux-riscv64 :: WatchInfo: /home/ali/Projects/LARAVEL/shop/node_modules 1 undefined Project: /dev/null/inferredProject1* watcher already invoked: false
[22:19:41.354] sysLog:: /home/ali/Projects/LARAVEL/shop/node_modules/esbuild-linux-ppc64le:: Changing watcher to MissingFileSystemEntryWatcher
[22:19:41.354] DirectoryWatcher:: Triggered with /home/ali/Projects/LARAVEL/shop/node_modules/esbuild-linux-ppc64le :: WatchInfo: /home/ali/Projects/LARAVEL/shop/node_modules 1 undefined Project: /dev/null/inferredProject1* watcher already invoked: false
[22:19:41.354] Elapsed:: 0.017652999609708786ms DirectoryWatcher:: Triggered with /home/ali/Projects/LARAVEL/shop/node_modules/esbuild-linux-ppc64le :: WatchInfo: /home/ali/Projects/LARAVEL/shop/node_modules 1 undefined Project: /dev/null/inferredProject1* watcher already invoked: false
[22:19:41.355] sysLog:: /home/ali/Projects/LARAVEL/shop/node_modules/esbuild-linux-mips64le:: Changing watcher to MissingFileSystemEntryWatcher
[22:19:41.355] DirectoryWatcher:: Triggered with /home/ali/Projects/LARAVEL/shop/node_modules/esbuild-linux-mips64le :: WatchInfo: /home/ali/Projects/LARAVEL/shop/node_modules 1 undefined Project: /dev/null/inferredProject1* watcher already invoked: false
[22:19:41.355] Elapsed:: 0.02626999979838729ms DirectoryWatcher:: Triggered with /home/ali/Projects/LARAVEL/shop/node_modules/esbuild-linux-mips64le :: WatchInfo: /home/ali/Projects/LARAVEL/shop/node_modules 1 undefined Project: /dev/null/inferredProject1* watcher already invoked: false
[22:19:41.355] sysLog:: /home/ali/Projects/LARAVEL/shop/node_modules/esbuild-linux-arm64:: Changing watcher to MissingFileSystemEntryWatcher
[22:19:41.356] DirectoryWatcher:: Triggered with /home/ali/Projects/LARAVEL/shop/node_modules/esbuild-linux-arm64 :: WatchInfo: /home/ali/Projects/LARAVEL/shop/node_modules 1 undefined Project: /dev/null/inferredProject1* watcher already invoked: false
[22:19:41.356] Elapsed:: 0.021360000129789114ms DirectoryWatcher:: Triggered with /home/ali/Projects/LARAVEL/shop/node_modules/esbuild-linux-arm64 :: WatchInfo: /home/ali/Projects/LARAVEL/shop/node_modules 1 undefined Project: /dev/null/inferredProject1* watcher already invoked: false
[22:19:41.356] sysLog:: /home/ali/Projects/LARAVEL/shop/node_modules/esbuild-linux-arm:: Changing watcher to MissingFileSystemEntryWatcher
[22:19:41.356] DirectoryWatcher:: Triggered with /home/ali/Projects/LARAVEL/shop/node_modules/esbuild-linux-arm :: WatchInfo: /home/ali/Projects/LARAVEL/shop/node_modules 1 undefined Project: /dev/null/inferredProject1* watcher already invoked: false
[22:19:41.356] Elapsed:: 0.027520999778062105ms DirectoryWatcher:: Triggered with /home/ali/Projects/LARAVEL/shop/node_modules/esbuild-linux-arm :: WatchInfo: /home/ali/Projects/LARAVEL/shop/node_modules 1 undefined Project: /dev/null/inferredProject1* watcher already invoked: false
[22:19:41.357] sysLog:: /home/ali/Projects/LARAVEL/shop/node_modules/esbuild-linux-32:: Changing watcher to MissingFileSystemEntryWatcher
[22:19:41.357] DirectoryWatcher:: Triggered with /home/ali/Projects/LARAVEL/shop/node_modules/esbuild-linux-32 :: WatchInfo: /home/ali/Projects/LARAVEL/shop/node_modules 1 undefined Project: /dev/null/inferredProject1* watcher already invoked: false
[22:19:41.357] Elapsed:: 0.01347499992698431ms DirectoryWatcher:: Triggered with /home/ali/Projects/LARAVEL/shop/node_modules/esbuild-linux-32 :: WatchInfo: /home/ali/Projects/LARAVEL/shop/node_modules 1 undefined Project: /dev/null/inferredProject1* watcher already invoked: false
[22:19:41.357] sysLog:: /home/ali/Projects/LARAVEL/shop/node_modules/esbuild-freebsd-arm64:: Changing watcher to MissingFileSystemEntryWatcher
[22:19:41.357] DirectoryWatcher:: Triggered with /home/ali/Projects/LARAVEL/shop/node_modules/esbuild-freebsd-arm64 :: WatchInfo: /home/ali/Projects/LARAVEL/shop/node_modules 1 undefined Project: /dev/null/inferredProject1* watcher already invoked: false
[22:19:41.357] Elapsed:: 0.00840499997138977ms DirectoryWatcher:: Triggered with /home/ali/Projects/LARAVEL/shop/node_modules/esbuild-freebsd-arm64 :: WatchInfo: /home/ali/Projects/LARAVEL/shop/node_modules 1 undefined Project: /dev/null/inferredProject1* watcher already invoked: false
[22:19:41.357] sysLog:: /home/ali/Projects/LARAVEL/shop/node_modules/esbuild-freebsd-64:: Changing watcher to MissingFileSystemEntryWatcher
[22:19:41.357] DirectoryWatcher:: Triggered with /home/ali/Projects/LARAVEL/shop/node_modules/esbuild-freebsd-64 :: WatchInfo: /home/ali/Projects/LARAVEL/shop/node_modules 1 undefined Project: /dev/null/inferredProject1* watcher already invoked: false
[22:19:41.358] Elapsed:: 0.010098999831825495ms DirectoryWatcher:: Triggered with /home/ali/Projects/LARAVEL/shop/node_modules/esbuild-freebsd-64 :: WatchInfo: /home/ali/Projects/LARAVEL/shop/node_modules 1 undefined Project: /dev/null/inferredProject1* watcher already invoked: false
[22:19:41.358] sysLog:: /home/ali/Projects/LARAVEL/shop/node_modules/esbuild-darwin-arm64:: Changing watcher to MissingFileSystemEntryWatcher
[22:19:41.358] DirectoryWatcher:: Triggered with /home/ali/Projects/LARAVEL/shop/node_modules/esbuild-darwin-arm64 :: WatchInfo: /home/ali/Projects/LARAVEL/shop/node_modules 1 undefined Project: /dev/null/inferredProject1* watcher already invoked: false
[22:19:41.358] Elapsed:: 0.00916700018569827ms DirectoryWatcher:: Triggered with /home/ali/Projects/LARAVEL/shop/node_modules/esbuild-darwin-arm64 :: WatchInfo: /home/ali/Projects/LARAVEL/shop/node_modules 1 undefined Project: /dev/null/inferredProject1* watcher already invoked: false
[22:19:41.358] sysLog:: /home/ali/Projects/LARAVEL/shop/node_modules/esbuild-darwin-64:: Changing watcher to MissingFileSystemEntryWatcher
[22:19:41.358] DirectoryWatcher:: Triggered with /home/ali/Projects/LARAVEL/shop/node_modules/esbuild-darwin-64 :: WatchInfo: /home/ali/Projects/LARAVEL/shop/node_modules 1 undefined Project: /dev/null/inferredProject1* watcher already invoked: false
[22:19:41.358] Elapsed:: 0.009358000010251999ms DirectoryWatcher:: Triggered with /home/ali/Projects/LARAVEL/shop/node_modules/esbuild-darwin-64 :: WatchInfo: /home/ali/Projects/LARAVEL/shop/node_modules 1 undefined Project: /dev/null/inferredProject1* watcher already invoked: false
[22:19:41.358] sysLog:: /home/ali/Projects/LARAVEL/shop/node_modules/@esbuild/linux-loong64:: Changing watcher to MissingFileSystemEntryWatcher
[22:19:41.358] DirectoryWatcher:: Triggered with /home/ali/Projects/LARAVEL/shop/node_modules/@esbuild/linux-loong64 :: WatchInfo: /home/ali/Projects/LARAVEL/shop/node_modules 1 undefined Project: /dev/null/inferredProject1* watcher already invoked: false
[22:19:41.358] Elapsed:: 0.00774399982765317ms DirectoryWatcher:: Triggered with /home/ali/Projects/LARAVEL/shop/node_modules/@esbuild/linux-loong64 :: WatchInfo: /home/ali/Projects/LARAVEL/shop/node_modules 1 undefined Project: /dev/null/inferredProject1* watcher already invoked: false
[22:19:41.359] sysLog:: /home/ali/Projects/LARAVEL/shop/node_modules/esbuild-android-arm64:: Changing watcher to MissingFileSystemEntryWatcher
[22:19:41.359] DirectoryWatcher:: Triggered with /home/ali/Projects/LARAVEL/shop/node_modules/esbuild-android-arm64 :: WatchInfo: /home/ali/Projects/LARAVEL/shop/node_modules 1 undefined Project: /dev/null/inferredProject1* watcher already invoked: false
[22:19:41.359] Elapsed:: 0.009467999916523695ms DirectoryWatcher:: Triggered with /home/ali/Projects/LARAVEL/shop/node_modules/esbuild-android-arm64 :: WatchInfo: /home/ali/Projects/LARAVEL/shop/node_modules 1 undefined Project: /dev/null/inferredProject1* watcher already invoked: false
[22:19:41.359] sysLog:: /home/ali/Projects/LARAVEL/shop/node_modules/esbuild-android-64:: Changing watcher to MissingFileSystemEntryWatcher
[22:19:41.359] DirectoryWatcher:: Triggered with /home/ali/Projects/LARAVEL/shop/node_modules/esbuild-android-64 :: WatchInfo: /home/ali/Projects/LARAVEL/shop/node_modules 1 undefined Project: /dev/null/inferredProject1* watcher already invoked: false
[22:19:41.359] Elapsed:: 0.008445000275969505ms DirectoryWatcher:: Triggered with /home/ali/Projects/LARAVEL/shop/node_modules/esbuild-android-64 :: WatchInfo: /home/ali/Projects/LARAVEL/shop/node_modules 1 undefined Project: /dev/null/inferredProject1* watcher already invoked: false
[22:19:41.476] FileWatcher:: Triggered with /home/ali/Projects/LARAVEL/shop/package.json 1:: WatchInfo: /home/ali/Projects/LARAVEL/shop/package.json 2000 undefined Project: /dev/null/inferredProject1* watcher already invoked: false
[22:19:41.476] Sending response:
    {"projectName":"/dev/null/inferredProject1*","kind":"action::invalidate"}
[22:19:41.477] Response has been sent.
[22:19:41.477] Elapsed:: 0.4609249997884035ms FileWatcher:: Triggered with /home/ali/Projects/LARAVEL/shop/package.json 1:: WatchInfo: /home/ali/Projects/LARAVEL/shop/package.json 2000 undefined Project: /dev/null/inferredProject1* watcher already invoked: false
[22:19:41.578] Got install request {"projectName":"/dev/null/inferredProject1*","fileNames":["/usr/lib/node_modules/typescript/lib/lib.es5.d.ts","/usr/lib/node_modules/typescript/lib/lib.es2015.d.ts","/usr/lib/node_modules/typescript/lib/lib.es2016.d.ts","/usr/lib/node_modules/typescript/lib/lib.dom.d.ts","/usr/lib/node_modules/typescript/lib/lib.dom.iterable.d.ts","/usr/lib/node_modules/typescript/lib/lib.webworker.importscripts.d.ts","/usr/lib/node_modules/typescript/lib/lib.scripthost.d.ts","/usr/lib/node_modules/typescript/lib/lib.es2015.core.d.ts","/usr/lib/node_modules/typescript/lib/lib.es2015.collection.d.ts","/usr/lib/node_modules/typescript/lib/lib.es2015.generator.d.ts","/usr/lib/node_modules/typescript/lib/lib.es2015.iterable.d.ts","/usr/lib/node_modules/typescript/lib/lib.es2015.promise.d.ts","/usr/lib/node_modules/typescript/lib/lib.es2015.proxy.d.ts","/usr/lib/node_modules/typescript/lib/lib.es2015.reflect.d.ts","/usr/lib/node_modules/typescript/lib/lib.es2015.symbol.d.ts","/usr/lib/node_modules/typescript/lib/lib.es2015.symbol.wellknown.d.ts","/usr/lib/node_modules/typescript/lib/lib.es2016.array.include.d.ts","/usr/lib/node_modules/typescript/lib/lib.es2016.full.d.ts","/home/ali/Projects/LARAVEL/shop/node_modules/postcss/lib/postcss.d.ts","/home/ali/Projects/LARAVEL/shop/node_modules/vite/dist/node/index.d.ts","/home/ali/Projects/LARAVEL/shop/node_modules/laravel-vite-plugin/dist/index.d.ts","/home/ali/Projects/LARAVEL/shop/vite.config.js","/home/ali/.cache/typescript/4.7/node_modules/@types/bootstrap/index.d.ts","/home/ali/.cache/typescript/4.7/node_modules/@types/lodash/common/common.d.ts","/home/ali/.cache/typescript/4.7/node_modules/@types/lodash/common/array.d.ts","/home/ali/.cache/typescript/4.7/node_modules/@types/lodash/common/collection.d.ts","/home/ali/.cache/typescript/4.7/node_modules/@types/lodash/common/date.d.ts","/home/ali/.cache/typescript/4.7/node_modules/@types/lodash/common/function.d.ts","/home/ali/.cache/typescript/4.7/node_modules/@types/lodash/common/lang.d.ts","/home/ali/.cache/typescript/4.7/node_modules/@types/lodash/common/math.d.ts","/home/ali/.cache/typescript/4.7/node_modules/@types/lodash/common/number.d.ts","/home/ali/.cache/typescript/4.7/node_modules/@types/lodash/common/object.d.ts","/home/ali/.cache/typescript/4.7/node_modules/@types/lodash/common/seq.d.ts","/home/ali/.cache/typescript/4.7/node_modules/@types/lodash/common/string.d.ts","/home/ali/.cache/typescript/4.7/node_modules/@types/lodash/common/util.d.ts","/home/ali/.cache/typescript/4.7/node_modules/@types/lodash/index.d.ts","/home/ali/Projects/LARAVEL/shop/node_modules/axios/index.d.ts","/home/ali/Projects/LARAVEL/shop/node_modules/sass/types/index.d.ts"],"compilerOptions":{"module":1,"target":3,"jsx":1,"allowJs":true,"allowSyntheticDefaultImports":true,"allowNonTsExtensions":true,"noEmitForJsFiles":true},"typeAcquisition":{"enable":true,"include":[],"exclude":[]},"projectRootPath":"/home/ali/Projects/LARAVEL/shop","kind":"discover"}
[22:19:41.579] Explicitly included types: []
[22:19:41.580] Typing names in '/home/ali/Projects/LARAVEL/shop/package.json' dependencies: ["bootstrap-icons","@popperjs/core","axios","bootstrap","laravel-vite-plugin","lodash","postcss","sass","vite"]
[22:19:41.580] Searching for typing names in /home/ali/Projects/LARAVEL/shop/node_modules; all files: ["/home/ali/Projects/LARAVEL/shop/node_modules/bootstrap-icons/package.json","/home/ali/Projects/LARAVEL/shop/node_modules/@popperjs/core/package.json","/home/ali/Projects/LARAVEL/shop/node_modules/axios/package.json","/home/ali/Projects/LARAVEL/shop/node_modules/bootstrap/package.json","/home/ali/Projects/LARAVEL/shop/node_modules/laravel-vite-plugin/package.json","/home/ali/Projects/LARAVEL/shop/node_modules/lodash/package.json","/home/ali/Projects/LARAVEL/shop/node_modules/postcss/package.json","/home/ali/Projects/LARAVEL/shop/node_modules/sass/package.json","/home/ali/Projects/LARAVEL/shop/node_modules/vite/package.json"]
[22:19:41.585]     Package 'axios' provides its own types.
[22:19:41.590]     Package 'laravel-vite-plugin' provides its own types.
[22:19:41.592]     Package 'postcss' provides its own types.
[22:19:41.593]     Package 'sass' provides its own types.
[22:19:41.597]     Package 'vite' provides its own types.
[22:19:41.598]     Found package names: ["bootstrap-icons","@popperjs/core","bootstrap","lodash"]
[22:19:41.598] Result: {"cachedTypingPaths":["/home/ali/Projects/LARAVEL/shop/node_modules/axios/index.d.ts","/home/ali/.cache/typescript/4.7/node_modules/@types/bootstrap/index.d.ts","/home/ali/Projects/LARAVEL/shop/node_modules/laravel-vite-plugin/dist/index.d.ts","/home/ali/.cache/typescript/4.7/node_modules/@types/lodash/index.d.ts","/home/ali/Projects/LARAVEL/shop/node_modules/postcss/lib/postcss.d.ts","/home/ali/Projects/LARAVEL/shop/node_modules/sass/types/index.d.ts","/home/ali/Projects/LARAVEL/shop/node_modules/vite/dist/node/index.d.ts"],"newTypingNames":["bootstrap-icons","@popperjs/core"],"filesToWatch":["/home/ali/Projects/LARAVEL/shop/bower_components","/home/ali/Projects/LARAVEL/shop/package.json","/home/ali/Projects/LARAVEL/shop/node_modules"]}
[22:19:41.598] Finished typings discovery: {"cachedTypingPaths":["/home/ali/Projects/LARAVEL/shop/node_modules/axios/index.d.ts","/home/ali/.cache/typescript/4.7/node_modules/@types/bootstrap/index.d.ts","/home/ali/Projects/LARAVEL/shop/node_modules/laravel-vite-plugin/dist/index.d.ts","/home/ali/.cache/typescript/4.7/node_modules/@types/lodash/index.d.ts","/home/ali/Projects/LARAVEL/shop/node_modules/postcss/lib/postcss.d.ts","/home/ali/Projects/LARAVEL/shop/node_modules/sass/types/index.d.ts","/home/ali/Projects/LARAVEL/shop/node_modules/vite/dist/node/index.d.ts"],"newTypingNames":["bootstrap-icons","@popperjs/core"],"filesToWatch":["/home/ali/Projects/LARAVEL/shop/bower_components","/home/ali/Projects/LARAVEL/shop/package.json","/home/ali/Projects/LARAVEL/shop/node_modules"]}
[22:19:41.598] Installing typings ["bootstrap-icons","@popperjs/core"]
[22:19:41.599] 'bootstrap-icons':: Entry for package 'bootstrap-icons' does not exist in local types registry - skipping...
[22:19:41.599] '@popperjs/core':: Entry for package 'popperjs__core' does not exist in local types registry - skipping...
[22:19:41.599] All typings are known to be missing or invalid - no need to install more typings
[22:19:41.599] Sending response:
    {"projectName":"/dev/null/inferredProject1*","typeAcquisition":{"enable":true,"include":[],"exclude":[]},"compilerOptions":{"module":1,"target":3,"jsx":1,"allowJs":true,"allowSyntheticDefaultImports":true,"allowNonTsExtensions":true,"noEmitForJsFiles":true},"typings":["/home/ali/Projects/LARAVEL/shop/node_modules/axios/index.d.ts","/home/ali/.cache/typescript/4.7/node_modules/@types/bootstrap/index.d.ts","/home/ali/Projects/LARAVEL/shop/node_modules/laravel-vite-plugin/dist/index.d.ts","/home/ali/.cache/typescript/4.7/node_modules/@types/lodash/index.d.ts","/home/ali/Projects/LARAVEL/shop/node_modules/postcss/lib/postcss.d.ts","/home/ali/Projects/LARAVEL/shop/node_modules/sass/types/index.d.ts","/home/ali/Projects/LARAVEL/shop/node_modules/vite/dist/node/index.d.ts"],"kind":"action::set"}
[22:19:41.599] Response has been sent.
[22:19:42.359] sysLog:: onTimerToUpdateChildWatches:: 4
[22:19:42.371] sysLog:: invokingWatchers:: Elapsed:: 11.701715999748558ms:: 0
[22:19:42.371] DirectoryWatcher:: Triggered with /home/ali/Projects/LARAVEL/shop/node_modules :: WatchInfo: /home/ali/Projects/LARAVEL/shop/node_modules 1 undefined Project: /dev/null/inferredProject1* watcher already invoked: false
[22:19:42.371] Elapsed:: 0.015929999761283398ms DirectoryWatcher:: Triggered with /home/ali/Projects/LARAVEL/shop/node_modules :: WatchInfo: /home/ali/Projects/LARAVEL/shop/node_modules 1 undefined Project: /dev/null/inferredProject1* watcher already invoked: false
[22:19:42.371] sysLog:: Elapsed:: 12.022427999880165ms:: onTimerToUpdateChildWatches:: 0 undefined
[22:20:44.965] Got install request {"projectName":"/dev/null/inferredProject2*","fileNames":["/usr/lib/node_modules/typescript/lib/lib.es5.d.ts","/usr/lib/node_modules/typescript/lib/lib.es2015.d.ts","/usr/lib/node_modules/typescript/lib/lib.es2016.d.ts","/usr/lib/node_modules/typescript/lib/lib.dom.d.ts","/usr/lib/node_modules/typescript/lib/lib.dom.iterable.d.ts","/usr/lib/node_modules/typescript/lib/lib.webworker.importscripts.d.ts","/usr/lib/node_modules/typescript/lib/lib.scripthost.d.ts","/usr/lib/node_modules/typescript/lib/lib.es2015.core.d.ts","/usr/lib/node_modules/typescript/lib/lib.es2015.collection.d.ts","/usr/lib/node_modules/typescript/lib/lib.es2015.generator.d.ts","/usr/lib/node_modules/typescript/lib/lib.es2015.iterable.d.ts","/usr/lib/node_modules/typescript/lib/lib.es2015.promise.d.ts","/usr/lib/node_modules/typescript/lib/lib.es2015.proxy.d.ts","/usr/lib/node_modules/typescript/lib/lib.es2015.reflect.d.ts","/usr/lib/node_modules/typescript/lib/lib.es2015.symbol.d.ts","/usr/lib/node_modules/typescript/lib/lib.es2015.symbol.wellknown.d.ts","/usr/lib/node_modules/typescript/lib/lib.es2016.array.include.d.ts","/usr/lib/node_modules/typescript/lib/lib.es2016.full.d.ts","/home/ali/.cache/typescript/4.7/node_modules/@types/bootstrap/index.d.ts","/home/ali/Projects/LARAVEL/shop/resources/js/bootstrap.js","/home/ali/Projects/LARAVEL/shop/resources/assets/admin/js/grid.js","/home/ali/Projects/LARAVEL/shop/resources/js/admin.js"],"compilerOptions":{"module":1,"target":3,"jsx":1,"allowJs":true,"allowSyntheticDefaultImports":true,"allowNonTsExtensions":true,"noEmitForJsFiles":true,"maxNodeModuleJsDepth":2},"typeAcquisition":{"enable":true,"include":[],"exclude":[]},"unresolvedImports":[],"projectRootPath":"/home/ali/Projects/LARAVEL/shop/resources/js","kind":"discover"}
[22:20:44.966] Explicitly included types: []
[22:20:44.966] Inferred typings from file names: ["bootstrap"]
[22:20:44.966] Inferred typings from unresolved imports: []
[22:20:44.966] Result: {"cachedTypingPaths":["/home/ali/.cache/typescript/4.7/node_modules/@types/bootstrap/index.d.ts"],"newTypingNames":[],"filesToWatch":["/home/ali/Projects/LARAVEL/shop/resources/js/bower_components","/home/ali/Projects/LARAVEL/shop/resources/js/node_modules","/home/ali/Projects/LARAVEL/shop/resources/assets/admin/js/bower_components","/home/ali/Projects/LARAVEL/shop/resources/assets/admin/js/node_modules"]}
[22:20:44.966] Finished typings discovery: {"cachedTypingPaths":["/home/ali/.cache/typescript/4.7/node_modules/@types/bootstrap/index.d.ts"],"newTypingNames":[],"filesToWatch":["/home/ali/Projects/LARAVEL/shop/resources/js/bower_components","/home/ali/Projects/LARAVEL/shop/resources/js/node_modules","/home/ali/Projects/LARAVEL/shop/resources/assets/admin/js/bower_components","/home/ali/Projects/LARAVEL/shop/resources/assets/admin/js/node_modules"]}
[22:20:44.967] Sending response:
    {"projectName":"/dev/null/inferredProject2*","typeAcquisition":{"enable":true,"include":[],"exclude":[]},"compilerOptions":{"module":1,"target":3,"jsx":1,"allowJs":true,"allowSyntheticDefaultImports":true,"allowNonTsExtensions":true,"noEmitForJsFiles":true,"maxNodeModuleJsDepth":2},"typings":["/home/ali/.cache/typescript/4.7/node_modules/@types/bootstrap/index.d.ts"],"unresolvedImports":[],"kind":"action::set"}
[22:20:44.967] Response has been sent.
[22:20:44.967] No new typings were requested as a result of typings discovery
[22:21:03.361] Got install request {"projectName":"/dev/null/inferredProject2*","fileNames":["/usr/lib/node_modules/typescript/lib/lib.es5.d.ts","/usr/lib/node_modules/typescript/lib/lib.es2015.d.ts","/usr/lib/node_modules/typescript/lib/lib.es2016.d.ts","/usr/lib/node_modules/typescript/lib/lib.dom.d.ts","/usr/lib/node_modules/typescript/lib/lib.dom.iterable.d.ts","/usr/lib/node_modules/typescript/lib/lib.webworker.importscripts.d.ts","/usr/lib/node_modules/typescript/lib/lib.scripthost.d.ts","/usr/lib/node_modules/typescript/lib/lib.es2015.core.d.ts","/usr/lib/node_modules/typescript/lib/lib.es2015.collection.d.ts","/usr/lib/node_modules/typescript/lib/lib.es2015.generator.d.ts","/usr/lib/node_modules/typescript/lib/lib.es2015.iterable.d.ts","/usr/lib/node_modules/typescript/lib/lib.es2015.promise.d.ts","/usr/lib/node_modules/typescript/lib/lib.es2015.proxy.d.ts","/usr/lib/node_modules/typescript/lib/lib.es2015.reflect.d.ts","/usr/lib/node_modules/typescript/lib/lib.es2015.symbol.d.ts","/usr/lib/node_modules/typescript/lib/lib.es2015.symbol.wellknown.d.ts","/usr/lib/node_modules/typescript/lib/lib.es2016.array.include.d.ts","/usr/lib/node_modules/typescript/lib/lib.es2016.full.d.ts","/home/ali/.cache/typescript/4.7/node_modules/@types/bootstrap/index.d.ts","/home/ali/Projects/LARAVEL/shop/resources/js/bootstrap.js","/home/ali/Projects/LARAVEL/shop/resources/assets/admin/js/grid.js","/home/ali/Projects/LARAVEL/shop/resources/js/admin.js"],"compilerOptions":{"module":1,"target":3,"jsx":1,"allowJs":true,"allowSyntheticDefaultImports":true,"allowNonTsExtensions":true,"noEmitForJsFiles":true,"maxNodeModuleJsDepth":2},"typeAcquisition":{"enable":true,"include":[],"exclude":[]},"unresolvedImports":["bootstrap-icons"],"projectRootPath":"/home/ali/Projects/LARAVEL/shop/resources/js","kind":"discover"}
[22:21:03.361] Explicitly included types: []
[22:21:03.362] Inferred typings from file names: ["bootstrap"]
[22:21:03.362] Inferred typings from unresolved imports: ["bootstrap-icons"]
[22:21:03.362] Result: {"cachedTypingPaths":["/home/ali/.cache/typescript/4.7/node_modules/@types/bootstrap/index.d.ts"],"newTypingNames":["bootstrap-icons"],"filesToWatch":["/home/ali/Projects/LARAVEL/shop/resources/js/bower_components","/home/ali/Projects/LARAVEL/shop/resources/js/node_modules","/home/ali/Projects/LARAVEL/shop/resources/assets/admin/js/bower_components","/home/ali/Projects/LARAVEL/shop/resources/assets/admin/js/node_modules"]}
[22:21:03.362] Finished typings discovery: {"cachedTypingPaths":["/home/ali/.cache/typescript/4.7/node_modules/@types/bootstrap/index.d.ts"],"newTypingNames":["bootstrap-icons"],"filesToWatch":["/home/ali/Projects/LARAVEL/shop/resources/js/bower_components","/home/ali/Projects/LARAVEL/shop/resources/js/node_modules","/home/ali/Projects/LARAVEL/shop/resources/assets/admin/js/bower_components","/home/ali/Projects/LARAVEL/shop/resources/assets/admin/js/node_modules"]}
[22:21:03.363] Installing typings ["bootstrap-icons"]
[22:21:03.363] 'bootstrap-icons':: Entry for package 'bootstrap-icons' does not exist in local types registry - skipping...
[22:21:03.363] All typings are known to be missing or invalid - no need to install more typings
[22:21:03.363] Sending response:
    {"projectName":"/dev/null/inferredProject2*","typeAcquisition":{"enable":true,"include":[],"exclude":[]},"compilerOptions":{"module":1,"target":3,"jsx":1,"allowJs":true,"allowSyntheticDefaultImports":true,"allowNonTsExtensions":true,"noEmitForJsFiles":true,"maxNodeModuleJsDepth":2},"typings":["/home/ali/.cache/typescript/4.7/node_modules/@types/bootstrap/index.d.ts"],"unresolvedImports":["bootstrap-icons"],"kind":"action::set"}
[22:21:03.363] Response has been sent.
